#
# There is insufficient memory for the Java Runtime Environment to continue.
# Native memory allocation (mmap) failed to map 56623104 bytes for Failed to commit area from 0x0000000090a00000 to 0x0000000094000000 of length 56623104.
# Possible reasons:
#   The system is out of physical RAM or swap space
#   The process is running with CompressedOops enabled, and the Java Heap may be blocking the growth of the native heap
# Possible solutions:
#   Reduce memory load on the system
#   Increase physical memory or swap space
#   Check if swap backing store is full
#   Decrease Java heap size (-Xmx/-Xms)
#   Decrease number of Java threads
#   Decrease Java thread stack sizes (-Xss)
#   Set larger code cache with -XX:ReservedCodeCacheSize=
#   JVM is running with Unscaled Compressed Oops mode in which the Java heap is
#     placed in the first 4GB address space. The Java Heap base address is the
#     maximum limit for the native heap growth. Please use -XX:HeapBaseMinAddress
#     to set the Java Heap base and to place the Java Heap above 4GB virtual address.
# This output file may be truncated or incomplete.
#
#  Out of Memory Error (src/hotspot/os/windows/os_windows.cpp:3627), pid=10088, tid=23120
#
# JRE version: OpenJDK Runtime Environment (11.0.15) (build 11.0.15+0-b2043.56-9505619)
# Java VM: OpenJDK 64-Bit Server VM (11.0.15+0-b2043.56-9505619, mixed mode, tiered, compressed oops, g1 gc, windows-amd64)
# No core dump will be written. Minidumps are not enabled by default on client versions of Windows
#

---------------  S U M M A R Y ------------

Command Line: --add-opens=java.base/java.util=ALL-UNNAMED --add-opens=java.base/java.lang=ALL-UNNAMED --add-opens=java.base/java.lang.invoke=ALL-UNNAMED --add-opens=java.base/java.util=ALL-UNNAMED --add-opens=java.prefs/java.util.prefs=ALL-UNNAMED --add-opens=java.prefs/java.util.prefs=ALL-UNNAMED --add-opens=java.base/java.nio.charset=ALL-UNNAMED --add-opens=java.base/java.net=ALL-UNNAMED --add-opens=java.base/java.util.concurrent.atomic=ALL-UNNAMED -Xmx2048m -Dfile.encoding=UTF-8 -Duser.country=GB -Duser.language=en -Duser.variant org.gradle.launcher.daemon.bootstrap.GradleDaemon 7.5

Host: 11th Gen Intel(R) Core(TM) i7-1165G7 @ 2.80GHz, 8 cores, 7G,  Windows 10 , 64 bit Build 19041 (10.0.19041.2364)
Time: Sun Apr  9 20:09:31 2023 Sri Lanka Standard Time elapsed time: 48.834235 seconds (0d 0h 0m 48s)

---------------  T H R E A D  ---------------

Current thread (0x0000024b22fb3000):  VMThread "VM Thread" [stack: 0x000000d397f00000,0x000000d398000000] [id=23120]

Stack: [0x000000d397f00000,0x000000d398000000]
[error occurred during error reporting (printing stack bounds), id 0xc0000005, EXCEPTION_ACCESS_VIOLATION (0xc0000005) at pc=0x0000024b0c6412e7]

Native frames: (J=compiled Java code, j=interpreted, Vv=VM code, C=native code)
V  [jvm.dll+0x64135a]
V  [jvm.dll+0x7d39f9]
V  [jvm.dll+0x7d51b9]
V  [jvm.dll+0x7d5805]
V  [jvm.dll+0x7d57bb]
V  [jvm.dll+0x640655]
V  [jvm.dll+0x640d68]
C  [ntdll.dll+0xa241f]
C  [ntdll.dll+0x514a4]
C  [ntdll.dll+0xa0f4e]
C  0x0000024b0c6412e7

VM_Operation (0x000000d3a15fccc0): G1CollectForAllocation, mode: safepoint, requested by thread 0x0000024b24a32000


---------------  P R O C E S S  ---------------

Threads class SMR info:
_java_thread_list=0x0000024b2df33900, length=145, elements={
0x0000024b08b13000, 0x0000024b22fb5000, 0x0000024b22fc1000, 0x0000024b23935800,
0x0000024b23936800, 0x0000024b23939000, 0x0000024b2393e000, 0x0000024b23941800,
0x0000024b23978000, 0x0000024b23a8d800, 0x0000024b24f96000, 0x0000024b25a72800,
0x0000024b258e5800, 0x0000024b24f25000, 0x0000024b247f0800, 0x0000024b24538000,
0x0000024b2520b800, 0x0000024b25a61800, 0x0000024b25a62800, 0x0000024b252ac800,
0x0000024b254a9800, 0x0000024b254a8000, 0x0000024b254a3800, 0x0000024b254a6000,
0x0000024b254a8800, 0x0000024b254aa800, 0x0000024b254a4800, 0x0000024b254a7000,
0x0000024b254a5800, 0x0000024b27cc7800, 0x0000024b27cc8800, 0x0000024b27cca000,
0x0000024b27cc4800, 0x0000024b27cc9000, 0x0000024b27cc5000, 0x0000024b27cc6800,
0x0000024b27ccb800, 0x0000024b27cc6000, 0x0000024b27ccf800, 0x0000024b27ccc800,
0x0000024b27cd2000, 0x0000024b27cd0800, 0x0000024b27cd3000, 0x0000024b27ccd800,
0x0000024b27cce000, 0x0000024b27ccf000, 0x0000024b27cd1800, 0x0000024b29ed2800,
0x0000024b29ed3800, 0x0000024b29ed1000, 0x0000024b29ed6000, 0x0000024b29ed4800,
0x0000024b29ed5000, 0x0000024b29ed0000, 0x0000024b29ed2000, 0x0000024b29edb000,
0x0000024b29ed9000, 0x0000024b29ed7000, 0x0000024b29eda000, 0x0000024b29edd800,
0x0000024b29ed7800, 0x0000024b29edb800, 0x0000024b29edc800, 0x0000024b29ede000,
0x0000024b29ed8800, 0x0000024b29edf000, 0x0000024b24bb4800, 0x0000024b24bb1800,
0x0000024b24bb2000, 0x0000024b24bb4000, 0x0000024b24baf000, 0x0000024b24bb3000,
0x0000024b24bb0000, 0x0000024b24bb5800, 0x0000024b24bb0800, 0x0000024b28448000,
0x0000024b28446800, 0x0000024b28449000, 0x0000024b28444800, 0x0000024b28449800,
0x0000024b2844b000, 0x0000024b2844a800, 0x0000024b28445800, 0x0000024b28447000,
0x0000024b2844e800, 0x0000024b28452000, 0x0000024b2844f800, 0x0000024b2844c000,
0x0000024b28450000, 0x0000024b2844d000, 0x0000024b28452800, 0x0000024b28451000,
0x0000024b28453800, 0x0000024b2844d800, 0x0000024b2a4cf000, 0x0000024b2a4ce000,
0x0000024b2a4cd000, 0x0000024b2a4cf800, 0x0000024b2a4d0800, 0x0000024b2a4d1000,
0x0000024b2a4cb800, 0x0000024b2a4d2000, 0x0000024b2a4cc800, 0x0000024b2a4d7000,
0x0000024b2a4d8000, 0x0000024b2a4d8800, 0x0000024b2a4d3000, 0x0000024b2a4d9800,
0x0000024b2a4d3800, 0x0000024b2a4da000, 0x0000024b2a4d4800, 0x0000024b2a4d6000,
0x0000024b2a4d5800, 0x0000024b284ff800, 0x0000024b284ff000, 0x0000024b284fb800,
0x0000024b284fe000, 0x0000024b28500800, 0x0000024b284fb000, 0x0000024b28502000,
0x0000024b284fc800, 0x0000024b28501800, 0x0000024b28503000, 0x0000024b284fd000,
0x0000024b28509800, 0x0000024b28503800, 0x0000024b28507000, 0x0000024b28506000,
0x0000024b28504800, 0x0000024b28505800, 0x0000024b28508800, 0x0000024b28508000,
0x0000024b24a34800, 0x0000024b24a35800, 0x0000024b24a33800, 0x0000024b24a37000,
0x0000024b24a36000, 0x0000024b24a31800, 0x0000024b24a38000, 0x0000024b24a32000,
0x0000024b24a38800, 0x0000024b24a33000, 0x0000024b24a39800, 0x0000024b24a3c000,
0x0000024b24a40000
}

Java Threads: ( => current thread )
  0x0000024b08b13000 JavaThread "main" [_thread_blocked, id=12252, stack(0x000000d397900000,0x000000d397a00000)]
  0x0000024b22fb5000 JavaThread "Reference Handler" daemon [_thread_blocked, id=23008, stack(0x000000d398000000,0x000000d398100000)]
  0x0000024b22fc1000 JavaThread "Finalizer" daemon [_thread_blocked, id=8616, stack(0x000000d398100000,0x000000d398200000)]
  0x0000024b23935800 JavaThread "Signal Dispatcher" daemon [_thread_blocked, id=15908, stack(0x000000d398200000,0x000000d398300000)]
  0x0000024b23936800 JavaThread "Attach Listener" daemon [_thread_blocked, id=24528, stack(0x000000d398300000,0x000000d398400000)]
  0x0000024b23939000 JavaThread "Service Thread" daemon [_thread_blocked, id=13732, stack(0x000000d398400000,0x000000d398500000)]
  0x0000024b2393e000 JavaThread "C2 CompilerThread0" daemon [_thread_blocked, id=14452, stack(0x000000d398500000,0x000000d398600000)]
  0x0000024b23941800 JavaThread "C1 CompilerThread0" daemon [_thread_blocked, id=13256, stack(0x000000d398600000,0x000000d398700000)]
  0x0000024b23978000 JavaThread "Sweeper thread" daemon [_thread_blocked, id=22200, stack(0x000000d398700000,0x000000d398800000)]
  0x0000024b23a8d800 JavaThread "Common-Cleaner" daemon [_thread_blocked, id=3204, stack(0x000000d398800000,0x000000d398900000)]
  0x0000024b24f96000 JavaThread "Daemon health stats" [_thread_blocked, id=19212, stack(0x000000d398b00000,0x000000d398c00000)]
  0x0000024b25a72800 JavaThread "Incoming local TCP Connector on port 62046" [_thread_in_native, id=15404, stack(0x000000d398c00000,0x000000d398d00000)]
  0x0000024b258e5800 JavaThread "Daemon periodic checks" [_thread_blocked, id=25372, stack(0x000000d398d00000,0x000000d398e00000)]
  0x0000024b24f25000 JavaThread "Daemon" [_thread_blocked, id=23232, stack(0x000000d398e00000,0x000000d398f00000)]
  0x0000024b247f0800 JavaThread "Handler for socket connection from /127.0.0.1:62046 to /127.0.0.1:62047" [_thread_in_native, id=12368, stack(0x000000d398f00000,0x000000d399000000)]
  0x0000024b24538000 JavaThread "Cancel handler" [_thread_blocked, id=15084, stack(0x000000d399000000,0x000000d399100000)]
  0x0000024b2520b800 JavaThread "Daemon worker" [_thread_blocked, id=7880, stack(0x000000d399100000,0x000000d399200000)]
  0x0000024b25a61800 JavaThread "Asynchronous log dispatcher for DefaultDaemonConnection: socket connection from /127.0.0.1:62046 to /127.0.0.1:62047" [_thread_blocked, id=12168, stack(0x000000d399200000,0x000000d399300000)]
  0x0000024b25a62800 JavaThread "Stdin handler" [_thread_blocked, id=13976, stack(0x000000d399300000,0x000000d399400000)]
  0x0000024b252ac800 JavaThread "Daemon client event forwarder" [_thread_blocked, id=16288, stack(0x000000d399400000,0x000000d399500000)]
  0x0000024b254a9800 JavaThread "Cache worker for journal cache (C:\Users\DELL\.gradle\caches\journal-1)" [_thread_blocked, id=9980, stack(0x000000d399500000,0x000000d399600000)]
  0x0000024b254a8000 JavaThread "File lock request listener" [_thread_in_native, id=13128, stack(0x000000d399c00000,0x000000d399d00000)]
  0x0000024b254a3800 JavaThread "Cache worker for file hash cache (C:\Users\DELL\.gradle\caches\7.5\fileHashes)" [_thread_blocked, id=22952, stack(0x000000d399e00000,0x000000d399f00000)]
  0x0000024b254a6000 JavaThread "File lock release action executor" [_thread_blocked, id=19200, stack(0x000000d399f00000,0x000000d39a000000)]
  0x0000024b254a8800 JavaThread "Cache worker for file hash cache (H:\Tourguide\.gradle\7.5\fileHashes)" [_thread_blocked, id=17636, stack(0x000000d39a000000,0x000000d39a100000)]
  0x0000024b254aa800 JavaThread "Cache worker for file content cache (C:\Users\DELL\.gradle\caches\7.5\fileContent)" [_thread_blocked, id=23536, stack(0x000000d39a100000,0x000000d39a200000)]
  0x0000024b254a4800 JavaThread "Cache worker for checksums cache (H:\Tourguide\.gradle\7.5\checksums)" [_thread_blocked, id=20152, stack(0x000000d39a200000,0x000000d39a300000)]
  0x0000024b254a7000 JavaThread "File watcher server" daemon [_thread_blocked, id=1864, stack(0x000000d39a300000,0x000000d39a400000)]
  0x0000024b254a5800 JavaThread "File watcher consumer" daemon [_thread_blocked, id=1216, stack(0x000000d39a400000,0x000000d39a500000)]
  0x0000024b27cc7800 JavaThread "Cache worker for cache directory md-rule (C:\Users\DELL\.gradle\caches\7.5\md-rule)" [_thread_blocked, id=24956, stack(0x000000d39a500000,0x000000d39a600000)]
  0x0000024b27cc8800 JavaThread "Cache worker for cache directory md-supplier (C:\Users\DELL\.gradle\caches\7.5\md-supplier)" [_thread_blocked, id=11924, stack(0x000000d39a600000,0x000000d39a700000)]
  0x0000024b27cca000 JavaThread "Cache worker for execution history cache (C:\Users\DELL\.gradle\caches\7.5\executionHistory)" [_thread_blocked, id=20876, stack(0x000000d39a700000,0x000000d39a800000)]
  0x0000024b27cc4800 JavaThread "jar transforms" [_thread_blocked, id=25452, stack(0x000000d39a800000,0x000000d39a900000)]
  0x0000024b27cc9000 JavaThread "jar transforms Thread 2" [_thread_blocked, id=14600, stack(0x000000d39a900000,0x000000d39aa00000)]
  0x0000024b27cc5000 JavaThread "jar transforms Thread 3" [_thread_blocked, id=8692, stack(0x000000d39aa00000,0x000000d39ab00000)]
  0x0000024b27cc6800 JavaThread "jar transforms Thread 4" [_thread_blocked, id=21792, stack(0x000000d39ac00000,0x000000d39ad00000)]
  0x0000024b27ccb800 JavaThread "Cache worker for dependencies-accessors (H:\Tourguide\.gradle\7.5\dependencies-accessors)" [_thread_blocked, id=12828, stack(0x000000d39ad00000,0x000000d39ae00000)]
  0x0000024b27cc6000 JavaThread "jar transforms Thread 5" [_thread_blocked, id=17944, stack(0x000000d39ae00000,0x000000d39af00000)]
  0x0000024b27ccf800 JavaThread "Cache worker for Build Output Cleanup Cache (H:\Tourguide\.gradle\buildOutputCleanup)" [_thread_blocked, id=17760, stack(0x000000d39ab00000,0x000000d39ac00000)]
  0x0000024b27ccc800 JavaThread "Unconstrained build operations" [_thread_blocked, id=22776, stack(0x000000d39af00000,0x000000d39b000000)]
  0x0000024b27cd2000 JavaThread "Unconstrained build operations Thread 2" [_thread_blocked, id=19308, stack(0x000000d39b000000,0x000000d39b100000)]
  0x0000024b27cd0800 JavaThread "Unconstrained build operations Thread 3" [_thread_blocked, id=22252, stack(0x000000d39b100000,0x000000d39b200000)]
  0x0000024b27cd3000 JavaThread "Unconstrained build operations Thread 4" [_thread_blocked, id=8008, stack(0x000000d39b200000,0x000000d39b300000)]
  0x0000024b27ccd800 JavaThread "Unconstrained build operations Thread 5" [_thread_blocked, id=8232, stack(0x000000d39b300000,0x000000d39b400000)]
  0x0000024b27cce000 JavaThread "Unconstrained build operations Thread 6" [_thread_blocked, id=22784, stack(0x000000d39b400000,0x000000d39b500000)]
  0x0000024b27ccf000 JavaThread "Unconstrained build operations Thread 7" [_thread_blocked, id=4288, stack(0x000000d39b500000,0x000000d39b600000)]
  0x0000024b27cd1800 JavaThread "Unconstrained build operations Thread 8" [_thread_blocked, id=1604, stack(0x000000d39b600000,0x000000d39b700000)]
  0x0000024b29ed2800 JavaThread "Unconstrained build operations Thread 9" [_thread_blocked, id=24060, stack(0x000000d39b700000,0x000000d39b800000)]
  0x0000024b29ed3800 JavaThread "Unconstrained build operations Thread 10" [_thread_blocked, id=9848, stack(0x000000d39b800000,0x000000d39b900000)]
  0x0000024b29ed1000 JavaThread "Unconstrained build operations Thread 11" [_thread_blocked, id=23156, stack(0x000000d39b900000,0x000000d39ba00000)]
  0x0000024b29ed6000 JavaThread "Unconstrained build operations Thread 12" [_thread_blocked, id=24036, stack(0x000000d39ba00000,0x000000d39bb00000)]
  0x0000024b29ed4800 JavaThread "Unconstrained build operations Thread 13" [_thread_blocked, id=8908, stack(0x000000d39bb00000,0x000000d39bc00000)]
  0x0000024b29ed5000 JavaThread "Unconstrained build operations Thread 14" [_thread_blocked, id=7840, stack(0x000000d39bc00000,0x000000d39bd00000)]
  0x0000024b29ed0000 JavaThread "Unconstrained build operations Thread 15" [_thread_blocked, id=15900, stack(0x000000d39bd00000,0x000000d39be00000)]
  0x0000024b29ed2000 JavaThread "Unconstrained build operations Thread 16" [_thread_blocked, id=13176, stack(0x000000d39be00000,0x000000d39bf00000)]
  0x0000024b29edb000 JavaThread "Unconstrained build operations Thread 17" [_thread_blocked, id=5168, stack(0x000000d39bf00000,0x000000d39c000000)]
  0x0000024b29ed9000 JavaThread "Unconstrained build operations Thread 18" [_thread_blocked, id=4088, stack(0x000000d39c000000,0x000000d39c100000)]
  0x0000024b29ed7000 JavaThread "Unconstrained build operations Thread 19" [_thread_blocked, id=20688, stack(0x000000d39c100000,0x000000d39c200000)]
  0x0000024b29eda000 JavaThread "Unconstrained build operations Thread 20" [_thread_blocked, id=15708, stack(0x000000d39c200000,0x000000d39c300000)]
  0x0000024b29edd800 JavaThread "Unconstrained build operations Thread 21" [_thread_blocked, id=25248, stack(0x000000d39c300000,0x000000d39c400000)]
  0x0000024b29ed7800 JavaThread "Unconstrained build operations Thread 22" [_thread_blocked, id=22324, stack(0x000000d39c400000,0x000000d39c500000)]
  0x0000024b29edb800 JavaThread "Unconstrained build operations Thread 23" [_thread_blocked, id=22956, stack(0x000000d39c500000,0x000000d39c600000)]
  0x0000024b29edc800 JavaThread "Unconstrained build operations Thread 24" [_thread_blocked, id=25312, stack(0x000000d39c600000,0x000000d39c700000)]
  0x0000024b29ede000 JavaThread "Unconstrained build operations Thread 25" [_thread_blocked, id=21332, stack(0x000000d39c700000,0x000000d39c800000)]
  0x0000024b29ed8800 JavaThread "Unconstrained build operations Thread 26" [_thread_blocked, id=14460, stack(0x000000d39c800000,0x000000d39c900000)]
  0x0000024b29edf000 JavaThread "Unconstrained build operations Thread 27" [_thread_blocked, id=24104, stack(0x000000d39c900000,0x000000d39ca00000)]
  0x0000024b24bb4800 JavaThread "Unconstrained build operations Thread 28" [_thread_blocked, id=8016, stack(0x000000d39ca00000,0x000000d39cb00000)]
  0x0000024b24bb1800 JavaThread "Unconstrained build operations Thread 29" [_thread_blocked, id=20860, stack(0x000000d39cb00000,0x000000d39cc00000)]
  0x0000024b24bb2000 JavaThread "Unconstrained build operations Thread 30" [_thread_blocked, id=22272, stack(0x000000d39cc00000,0x000000d39cd00000)]
  0x0000024b24bb4000 JavaThread "Unconstrained build operations Thread 31" [_thread_blocked, id=22868, stack(0x000000d39cd00000,0x000000d39ce00000)]
  0x0000024b24baf000 JavaThread "Unconstrained build operations Thread 32" [_thread_blocked, id=1644, stack(0x000000d39ce00000,0x000000d39cf00000)]
  0x0000024b24bb3000 JavaThread "Unconstrained build operations Thread 33" [_thread_blocked, id=24912, stack(0x000000d39cf00000,0x000000d39d000000)]
  0x0000024b24bb0000 JavaThread "Unconstrained build operations Thread 34" [_thread_blocked, id=14200, stack(0x000000d39d000000,0x000000d39d100000)]
  0x0000024b24bb5800 JavaThread "Unconstrained build operations Thread 35" [_thread_blocked, id=22984, stack(0x000000d39d100000,0x000000d39d200000)]
  0x0000024b24bb0800 JavaThread "Unconstrained build operations Thread 36" [_thread_blocked, id=14392, stack(0x000000d39d200000,0x000000d39d300000)]
  0x0000024b28448000 JavaThread "Unconstrained build operations Thread 37" [_thread_blocked, id=25064, stack(0x000000d39d300000,0x000000d39d400000)]
  0x0000024b28446800 JavaThread "Unconstrained build operations Thread 38" [_thread_blocked, id=7712, stack(0x000000d39d400000,0x000000d39d500000)]
  0x0000024b28449000 JavaThread "Unconstrained build operations Thread 39" [_thread_blocked, id=21364, stack(0x000000d39d500000,0x000000d39d600000)]
  0x0000024b28444800 JavaThread "Unconstrained build operations Thread 40" [_thread_blocked, id=23088, stack(0x000000d39d600000,0x000000d39d700000)]
  0x0000024b28449800 JavaThread "Unconstrained build operations Thread 41" [_thread_blocked, id=12420, stack(0x000000d39d700000,0x000000d39d800000)]
  0x0000024b2844b000 JavaThread "Unconstrained build operations Thread 42" [_thread_blocked, id=21304, stack(0x000000d39d800000,0x000000d39d900000)]
  0x0000024b2844a800 JavaThread "Unconstrained build operations Thread 43" [_thread_blocked, id=22180, stack(0x000000d39d900000,0x000000d39da00000)]
  0x0000024b28445800 JavaThread "Unconstrained build operations Thread 44" [_thread_blocked, id=12448, stack(0x000000d39da00000,0x000000d39db00000)]
  0x0000024b28447000 JavaThread "Unconstrained build operations Thread 45" [_thread_blocked, id=22568, stack(0x000000d39db00000,0x000000d39dc00000)]
  0x0000024b2844e800 JavaThread "Unconstrained build operations Thread 46" [_thread_blocked, id=23004, stack(0x000000d39dc00000,0x000000d39dd00000)]
  0x0000024b28452000 JavaThread "Unconstrained build operations Thread 47" [_thread_blocked, id=20544, stack(0x000000d39dd00000,0x000000d39de00000)]
  0x0000024b2844f800 JavaThread "Unconstrained build operations Thread 48" [_thread_blocked, id=16916, stack(0x000000d39de00000,0x000000d39df00000)]
  0x0000024b2844c000 JavaThread "Unconstrained build operations Thread 49" [_thread_blocked, id=24264, stack(0x000000d39df00000,0x000000d39e000000)]
  0x0000024b28450000 JavaThread "Unconstrained build operations Thread 50" [_thread_blocked, id=24124, stack(0x000000d39e000000,0x000000d39e100000)]
  0x0000024b2844d000 JavaThread "Unconstrained build operations Thread 51" [_thread_blocked, id=18484, stack(0x000000d39e100000,0x000000d39e200000)]
  0x0000024b28452800 JavaThread "Unconstrained build operations Thread 52" [_thread_blocked, id=21088, stack(0x000000d39e200000,0x000000d39e300000)]
  0x0000024b28451000 JavaThread "Unconstrained build operations Thread 53" [_thread_blocked, id=21284, stack(0x000000d39e300000,0x000000d39e400000)]
  0x0000024b28453800 JavaThread "Unconstrained build operations Thread 54" [_thread_blocked, id=22860, stack(0x000000d39e400000,0x000000d39e500000)]
  0x0000024b2844d800 JavaThread "Unconstrained build operations Thread 55" [_thread_blocked, id=17964, stack(0x000000d39e500000,0x000000d39e600000)]
  0x0000024b2a4cf000 JavaThread "Unconstrained build operations Thread 56" [_thread_blocked, id=23016, stack(0x000000d39e600000,0x000000d39e700000)]
  0x0000024b2a4ce000 JavaThread "Unconstrained build operations Thread 57" [_thread_blocked, id=12080, stack(0x000000d39e700000,0x000000d39e800000)]
  0x0000024b2a4cd000 JavaThread "Unconstrained build operations Thread 58" [_thread_blocked, id=18536, stack(0x000000d39e800000,0x000000d39e900000)]
  0x0000024b2a4cf800 JavaThread "Unconstrained build operations Thread 59" [_thread_blocked, id=14220, stack(0x000000d39e900000,0x000000d39ea00000)]
  0x0000024b2a4d0800 JavaThread "Unconstrained build operations Thread 60" [_thread_blocked, id=24096, stack(0x000000d39ea00000,0x000000d39eb00000)]
  0x0000024b2a4d1000 JavaThread "Unconstrained build operations Thread 61" [_thread_blocked, id=14552, stack(0x000000d39eb00000,0x000000d39ec00000)]
  0x0000024b2a4cb800 JavaThread "Unconstrained build operations Thread 62" [_thread_blocked, id=6072, stack(0x000000d39ec00000,0x000000d39ed00000)]
  0x0000024b2a4d2000 JavaThread "Unconstrained build operations Thread 63" [_thread_blocked, id=7912, stack(0x000000d39ed00000,0x000000d39ee00000)]
  0x0000024b2a4cc800 JavaThread "Unconstrained build operations Thread 64" [_thread_blocked, id=4952, stack(0x000000d39ee00000,0x000000d39ef00000)]
  0x0000024b2a4d7000 JavaThread "Unconstrained build operations Thread 65" [_thread_blocked, id=13620, stack(0x000000d39ef00000,0x000000d39f000000)]
  0x0000024b2a4d8000 JavaThread "Unconstrained build operations Thread 66" [_thread_blocked, id=16556, stack(0x000000d39f000000,0x000000d39f100000)]
  0x0000024b2a4d8800 JavaThread "Unconstrained build operations Thread 67" [_thread_blocked, id=1972, stack(0x000000d39f100000,0x000000d39f200000)]
  0x0000024b2a4d3000 JavaThread "Unconstrained build operations Thread 68" [_thread_blocked, id=21312, stack(0x000000d39f200000,0x000000d39f300000)]
  0x0000024b2a4d9800 JavaThread "Unconstrained build operations Thread 69" [_thread_blocked, id=16728, stack(0x000000d39f300000,0x000000d39f400000)]
  0x0000024b2a4d3800 JavaThread "Unconstrained build operations Thread 70" [_thread_blocked, id=1196, stack(0x000000d39f400000,0x000000d39f500000)]
  0x0000024b2a4da000 JavaThread "Unconstrained build operations Thread 71" [_thread_blocked, id=9368, stack(0x000000d39f500000,0x000000d39f600000)]
  0x0000024b2a4d4800 JavaThread "Unconstrained build operations Thread 72" [_thread_blocked, id=25508, stack(0x000000d39f600000,0x000000d39f700000)]
  0x0000024b2a4d6000 JavaThread "Unconstrained build operations Thread 73" [_thread_blocked, id=15504, stack(0x000000d39f700000,0x000000d39f800000)]
  0x0000024b2a4d5800 JavaThread "Unconstrained build operations Thread 74" [_thread_blocked, id=13672, stack(0x000000d39f800000,0x000000d39f900000)]
  0x0000024b284ff800 JavaThread "Unconstrained build operations Thread 75" [_thread_blocked, id=16644, stack(0x000000d39f900000,0x000000d39fa00000)]
  0x0000024b284ff000 JavaThread "Unconstrained build operations Thread 76" [_thread_blocked, id=13568, stack(0x000000d39fa00000,0x000000d39fb00000)]
  0x0000024b284fb800 JavaThread "Unconstrained build operations Thread 77" [_thread_blocked, id=20072, stack(0x000000d39fb00000,0x000000d39fc00000)]
  0x0000024b284fe000 JavaThread "Unconstrained build operations Thread 78" [_thread_blocked, id=1512, stack(0x000000d39fc00000,0x000000d39fd00000)]
  0x0000024b28500800 JavaThread "Unconstrained build operations Thread 79" [_thread_blocked, id=2796, stack(0x000000d39fd00000,0x000000d39fe00000)]
  0x0000024b284fb000 JavaThread "Unconstrained build operations Thread 80" [_thread_blocked, id=22112, stack(0x000000d39fe00000,0x000000d39ff00000)]
  0x0000024b28502000 JavaThread "jar transforms Thread 6" [_thread_blocked, id=16784, stack(0x000000d39ff00000,0x000000d3a0000000)]
  0x0000024b284fc800 JavaThread "jar transforms Thread 7" [_thread_blocked, id=21940, stack(0x000000d3a0000000,0x000000d3a0100000)]
  0x0000024b28501800 JavaThread "jar transforms Thread 8" [_thread_blocked, id=25316, stack(0x000000d3a0100000,0x000000d3a0200000)]
  0x0000024b28503000 JavaThread "Configuration cache report writer" [_thread_blocked, id=21296, stack(0x000000d3a0200000,0x000000d3a0300000)]
  0x0000024b284fd000 JavaThread "build event listener" [_thread_blocked, id=24988, stack(0x000000d3a0300000,0x000000d3a0400000)]
  0x0000024b28509800 JavaThread "Memory manager" [_thread_blocked, id=14440, stack(0x000000d3a0400000,0x000000d3a0500000)]
  0x0000024b28503800 JavaThread "pool-3-thread-1" [_thread_blocked, id=17892, stack(0x000000d3a0600000,0x000000d3a0700000)]
  0x0000024b28507000 JavaThread "build event listener" [_thread_blocked, id=25540, stack(0x000000d3a0700000,0x000000d3a0800000)]
  0x0000024b28506000 JavaThread "included builds" [_thread_blocked, id=16308, stack(0x000000d3a0800000,0x000000d3a0900000)]
  0x0000024b28504800 JavaThread "Execution worker" [_thread_blocked, id=23044, stack(0x000000d3a0900000,0x000000d3a0a00000)]
  0x0000024b28505800 JavaThread "Execution worker Thread 2" [_thread_blocked, id=15316, stack(0x000000d3a0a00000,0x000000d3a0b00000)]
  0x0000024b28508800 JavaThread "Execution worker Thread 3" [_thread_blocked, id=24572, stack(0x000000d3a0b00000,0x000000d3a0c00000)]
  0x0000024b28508000 JavaThread "Execution worker Thread 4" [_thread_blocked, id=23984, stack(0x000000d3a0c00000,0x000000d3a0d00000)]
  0x0000024b24a34800 JavaThread "Execution worker Thread 5" [_thread_blocked, id=25436, stack(0x000000d3a0d00000,0x000000d3a0e00000)]
  0x0000024b24a35800 JavaThread "Execution worker Thread 6" [_thread_blocked, id=22004, stack(0x000000d3a0e00000,0x000000d3a0f00000)]
  0x0000024b24a33800 JavaThread "Execution worker Thread 7" [_thread_blocked, id=15816, stack(0x000000d3a0f00000,0x000000d3a1000000)]
  0x0000024b24a37000 JavaThread "Cache worker for execution history cache (H:\Tourguide\.gradle\7.5\executionHistory)" [_thread_blocked, id=15852, stack(0x000000d3a1000000,0x000000d3a1100000)]
  0x0000024b24a36000 JavaThread "WorkerExecutor Queue" [_thread_blocked, id=10336, stack(0x000000d3a1200000,0x000000d3a1300000)]
  0x0000024b24a31800 JavaThread "WorkerExecutor Queue Thread 2" [_thread_blocked, id=10400, stack(0x000000d3a1300000,0x000000d3a1400000)]
  0x0000024b24a38000 JavaThread "WorkerExecutor Queue Thread 3" [_thread_blocked, id=4080, stack(0x000000d3a1400000,0x000000d3a1500000)]
  0x0000024b24a32000 JavaThread "WorkerExecutor Queue Thread 4" [_thread_blocked, id=16596, stack(0x000000d3a1500000,0x000000d3a1600000)]
  0x0000024b24a38800 JavaThread "WorkerExecutor Queue Thread 5" [_thread_blocked, id=868, stack(0x000000d3a1600000,0x000000d3a1700000)]
  0x0000024b24a33000 JavaThread "WorkerExecutor Queue Thread 6" [_thread_blocked, id=4020, stack(0x000000d3a1700000,0x000000d3a1800000)]
  0x0000024b24a39800 JavaThread "WorkerExecutor Queue Thread 7" [_thread_blocked, id=16424, stack(0x000000d3a1800000,0x000000d3a1900000)]
  0x0000024b24a3c000 JavaThread "WorkerExecutor Queue Thread 8" [_thread_in_native, id=12424, stack(0x000000d3a1900000,0x000000d3a1a00000)]
  0x0000024b24a40000 JavaThread "pool-4-thread-1" [_thread_blocked, id=22788, stack(0x000000d3a1a00000,0x000000d3a1b00000)]

Other Threads:
=>0x0000024b22fb3000 VMThread "VM Thread" [stack: 0x000000d397f00000,0x000000d398000000] [id=23120]
  0x0000024b23ac0000 WatcherThread [stack: 0x000000d398900000,0x000000d398a00000] [id=23600]
  0x0000024b08b2c000 GCTaskThread "GC Thread#0" [stack: 0x000000d397a00000,0x000000d397b00000] [id=20200]
  0x0000024b24903800 GCTaskThread "GC Thread#1" [stack: 0x000000d398a00000,0x000000d398b00000] [id=15472]
  0x0000024b25b00800 GCTaskThread "GC Thread#2" [stack: 0x000000d399600000,0x000000d399700000] [id=21360]
  0x0000024b25b6e000 GCTaskThread "GC Thread#3" [stack: 0x000000d399700000,0x000000d399800000] [id=15804]
  0x0000024b25b6f000 GCTaskThread "GC Thread#4" [stack: 0x000000d399800000,0x000000d399900000] [id=23840]
  0x0000024b25a8f800 GCTaskThread "GC Thread#5" [stack: 0x000000d399900000,0x000000d399a00000] [id=23972]
  0x0000024b25a90000 GCTaskThread "GC Thread#6" [stack: 0x000000d399a00000,0x000000d399b00000] [id=19744]
  0x0000024b25b0b800 GCTaskThread "GC Thread#7" [stack: 0x000000d399b00000,0x000000d399c00000] [id=5832]
  0x0000024b08b5f800 ConcurrentGCThread "G1 Main Marker" [stack: 0x000000d397b00000,0x000000d397c00000] [id=24524]
  0x0000024b08b60800 ConcurrentGCThread "G1 Conc#0" [stack: 0x000000d397c00000,0x000000d397d00000] [id=20584]
  0x0000024b25b9c800 ConcurrentGCThread "G1 Conc#1" [stack: 0x000000d399d00000,0x000000d399e00000] [id=13008]
  0x0000024b08bed800 ConcurrentGCThread "G1 Refine#0" [stack: 0x000000d397d00000,0x000000d397e00000] [id=23236]
  0x0000024b2b7c4800 ConcurrentGCThread "G1 Refine#1" [stack: 0x000000d3a0500000,0x000000d3a0600000] [id=14188]
  0x0000024b22e00800 ConcurrentGCThread "G1 Young RemSet Sampling" [stack: 0x000000d397e00000,0x000000d397f00000] [id=19248]

Threads with active compile tasks:
C2 CompilerThread0    48904 16229       4       com.android.tools.r8.dex.i::l (2158 bytes)

VM state:at safepoint (normal execution)

VM Mutex/Monitor currently owned by a thread:  ([mutex/lock_event])
[0x0000024b08b0fcb0] Threads_lock - owner thread: 0x0000024b22fb3000
[0x0000024b08b0fdd0] Heap_lock - owner thread: 0x0000024b24a32000

Heap address: 0x0000000080000000, size: 2048 MB, Compressed Oops mode: 32-bit
Narrow klass base: 0x0000000000000000, Narrow klass shift: 3
Compressed class space size: 1073741824 Address: 0x0000000100000000

Heap:
 garbage-first heap   total 327680K, used 186641K [0x0000000080000000, 0x0000000100000000)
  region size 1024K, 2 young (2048K), 2 survivors (2048K)
 Metaspace       used 113232K, capacity 115988K, committed 116232K, reserved 1150976K
  class space    used 14217K, capacity 15327K, committed 15360K, reserved 1048576K
Heap Regions: E=young(eden), S=young(survivor), O=old, HS=humongous(starts), HC=humongous(continues), CS=collection set, F=free, A=archive, TAMS=top-at-mark-start (previous, next)
|   0|0x0000000080000000, 0x0000000080100000, 0x0000000080100000|100%| O|  |TAMS 0x0000000080100000, 0x0000000080000000| Untracked 
|   1|0x0000000080100000, 0x0000000080200000, 0x0000000080200000|100%| O|  |TAMS 0x0000000080200000, 0x0000000080100000| Untracked 
|   2|0x0000000080200000, 0x0000000080300000, 0x0000000080300000|100%| O|  |TAMS 0x0000000080300000, 0x0000000080200000| Untracked 
|   3|0x0000000080300000, 0x0000000080400000, 0x0000000080400000|100%|HS|  |TAMS 0x0000000080400000, 0x0000000080300000| Complete 
|   4|0x0000000080400000, 0x0000000080500000, 0x0000000080500000|100%|HC|  |TAMS 0x0000000080500000, 0x0000000080400000| Complete 
|   5|0x0000000080500000, 0x0000000080600000, 0x0000000080600000|100%|HC|  |TAMS 0x0000000080600000, 0x0000000080500000| Complete 
|   6|0x0000000080600000, 0x0000000080700000, 0x0000000080700000|100%| O|  |TAMS 0x0000000080700000, 0x0000000080600000| Untracked 
|   7|0x0000000080700000, 0x0000000080800000, 0x0000000080800000|100%| O|  |TAMS 0x0000000080800000, 0x0000000080700000| Untracked 
|   8|0x0000000080800000, 0x0000000080900000, 0x0000000080900000|100%| O|  |TAMS 0x0000000080900000, 0x0000000080800000| Untracked 
|   9|0x0000000080900000, 0x0000000080a00000, 0x0000000080a00000|100%| O|  |TAMS 0x0000000080a00000, 0x0000000080900000| Untracked 
|  10|0x0000000080a00000, 0x0000000080b00000, 0x0000000080b00000|100%| O|  |TAMS 0x0000000080b00000, 0x0000000080a00000| Untracked 
|  11|0x0000000080b00000, 0x0000000080c00000, 0x0000000080c00000|100%| O|  |TAMS 0x0000000080c00000, 0x0000000080b00000| Untracked 
|  12|0x0000000080c00000, 0x0000000080d00000, 0x0000000080d00000|100%| O|  |TAMS 0x0000000080d00000, 0x0000000080c00000| Untracked 
|  13|0x0000000080d00000, 0x0000000080e00000, 0x0000000080e00000|100%| O|  |TAMS 0x0000000080e00000, 0x0000000080d00000| Untracked 
|  14|0x0000000080e00000, 0x0000000080f00000, 0x0000000080f00000|100%| O|  |TAMS 0x0000000080f00000, 0x0000000080e00000| Untracked 
|  15|0x0000000080f00000, 0x0000000081000000, 0x0000000081000000|100%| O|  |TAMS 0x0000000081000000, 0x0000000080f00000| Untracked 
|  16|0x0000000081000000, 0x0000000081100000, 0x0000000081100000|100%| O|  |TAMS 0x0000000081100000, 0x0000000081000000| Untracked 
|  17|0x0000000081100000, 0x0000000081200000, 0x0000000081200000|100%| O|  |TAMS 0x0000000081200000, 0x0000000081100000| Untracked 
|  18|0x0000000081200000, 0x0000000081300000, 0x0000000081300000|100%| O|  |TAMS 0x0000000081300000, 0x0000000081200000| Untracked 
|  19|0x0000000081300000, 0x0000000081400000, 0x0000000081400000|100%| O|  |TAMS 0x0000000081400000, 0x0000000081300000| Untracked 
|  20|0x0000000081400000, 0x0000000081500000, 0x0000000081500000|100%| O|  |TAMS 0x0000000081500000, 0x0000000081400000| Untracked 
|  21|0x0000000081500000, 0x0000000081600000, 0x0000000081600000|100%| O|  |TAMS 0x0000000081600000, 0x0000000081500000| Untracked 
|  22|0x0000000081600000, 0x0000000081700000, 0x0000000081700000|100%| O|  |TAMS 0x0000000081700000, 0x0000000081600000| Untracked 
|  23|0x0000000081700000, 0x0000000081800000, 0x0000000081800000|100%| O|  |TAMS 0x0000000081800000, 0x0000000081700000| Untracked 
|  24|0x0000000081800000, 0x0000000081900000, 0x0000000081900000|100%| O|  |TAMS 0x0000000081900000, 0x0000000081800000| Untracked 
|  25|0x0000000081900000, 0x0000000081a00000, 0x0000000081a00000|100%| O|  |TAMS 0x0000000081a00000, 0x0000000081900000| Untracked 
|  26|0x0000000081a00000, 0x0000000081b00000, 0x0000000081b00000|100%| O|  |TAMS 0x0000000081b00000, 0x0000000081a00000| Untracked 
|  27|0x0000000081b00000, 0x0000000081c00000, 0x0000000081c00000|100%|HS|  |TAMS 0x0000000081c00000, 0x0000000081b00000| Complete 
|  28|0x0000000081c00000, 0x0000000081d00000, 0x0000000081d00000|100%|HS|  |TAMS 0x0000000081d00000, 0x0000000081c00000| Complete 
|  29|0x0000000081d00000, 0x0000000081e00000, 0x0000000081e00000|100%| O|  |TAMS 0x0000000081e00000, 0x0000000081d00000| Untracked 
|  30|0x0000000081e00000, 0x0000000081f00000, 0x0000000081f00000|100%| O|  |TAMS 0x0000000081f00000, 0x0000000081e00000| Untracked 
|  31|0x0000000081f00000, 0x0000000082000000, 0x0000000082000000|100%| O|  |TAMS 0x0000000082000000, 0x0000000081f00000| Untracked 
|  32|0x0000000082000000, 0x0000000082100000, 0x0000000082100000|100%| O|  |TAMS 0x0000000082100000, 0x0000000082000000| Untracked 
|  33|0x0000000082100000, 0x0000000082200000, 0x0000000082200000|100%| O|  |TAMS 0x0000000082200000, 0x0000000082100000| Untracked 
|  34|0x0000000082200000, 0x0000000082300000, 0x0000000082300000|100%| O|  |TAMS 0x0000000082300000, 0x0000000082200000| Untracked 
|  35|0x0000000082300000, 0x0000000082400000, 0x0000000082400000|100%| O|  |TAMS 0x0000000082400000, 0x0000000082300000| Untracked 
|  36|0x0000000082400000, 0x0000000082500000, 0x0000000082500000|100%| O|  |TAMS 0x0000000082500000, 0x0000000082400000| Untracked 
|  37|0x0000000082500000, 0x0000000082600000, 0x0000000082600000|100%| O|  |TAMS 0x0000000082600000, 0x0000000082500000| Untracked 
|  38|0x0000000082600000, 0x0000000082700000, 0x0000000082700000|100%| O|  |TAMS 0x0000000082700000, 0x0000000082600000| Untracked 
|  39|0x0000000082700000, 0x0000000082800000, 0x0000000082800000|100%| O|  |TAMS 0x0000000082800000, 0x0000000082700000| Untracked 
|  40|0x0000000082800000, 0x0000000082900000, 0x0000000082900000|100%| O|  |TAMS 0x0000000082900000, 0x0000000082800000| Untracked 
|  41|0x0000000082900000, 0x0000000082a00000, 0x0000000082a00000|100%| O|  |TAMS 0x0000000082a00000, 0x0000000082900000| Untracked 
|  42|0x0000000082a00000, 0x0000000082b00000, 0x0000000082b00000|100%| O|  |TAMS 0x0000000082b00000, 0x0000000082a00000| Untracked 
|  43|0x0000000082b00000, 0x0000000082c00000, 0x0000000082c00000|100%| O|  |TAMS 0x0000000082c00000, 0x0000000082b00000| Untracked 
|  44|0x0000000082c00000, 0x0000000082d00000, 0x0000000082d00000|100%| O|  |TAMS 0x0000000082d00000, 0x0000000082c00000| Untracked 
|  45|0x0000000082d00000, 0x0000000082e00000, 0x0000000082e00000|100%| O|  |TAMS 0x0000000082e00000, 0x0000000082d00000| Untracked 
|  46|0x0000000082e00000, 0x0000000082f00000, 0x0000000082f00000|100%| O|  |TAMS 0x0000000082f00000, 0x0000000082e00000| Untracked 
|  47|0x0000000082f00000, 0x0000000083000000, 0x0000000083000000|100%| O|  |TAMS 0x0000000083000000, 0x0000000082f00000| Untracked 
|  48|0x0000000083000000, 0x0000000083100000, 0x0000000083100000|100%| O|  |TAMS 0x0000000083100000, 0x0000000083000000| Untracked 
|  49|0x0000000083100000, 0x0000000083200000, 0x0000000083200000|100%| O|  |TAMS 0x0000000083200000, 0x0000000083100000| Untracked 
|  50|0x0000000083200000, 0x0000000083300000, 0x0000000083300000|100%| O|  |TAMS 0x0000000083300000, 0x0000000083200000| Untracked 
|  51|0x0000000083300000, 0x0000000083400000, 0x0000000083400000|100%| O|  |TAMS 0x0000000083400000, 0x0000000083300000| Untracked 
|  52|0x0000000083400000, 0x0000000083500000, 0x0000000083500000|100%| O|  |TAMS 0x0000000083500000, 0x0000000083400000| Untracked 
|  53|0x0000000083500000, 0x0000000083600000, 0x0000000083600000|100%| O|  |TAMS 0x0000000083600000, 0x0000000083500000| Untracked 
|  54|0x0000000083600000, 0x0000000083700000, 0x0000000083700000|100%| O|  |TAMS 0x0000000083700000, 0x0000000083600000| Untracked 
|  55|0x0000000083700000, 0x0000000083800000, 0x0000000083800000|100%| O|  |TAMS 0x0000000083800000, 0x0000000083700000| Untracked 
|  56|0x0000000083800000, 0x0000000083900000, 0x0000000083900000|100%| O|  |TAMS 0x0000000083900000, 0x0000000083800000| Untracked 
|  57|0x0000000083900000, 0x0000000083a00000, 0x0000000083a00000|100%| O|  |TAMS 0x0000000083a00000, 0x0000000083900000| Untracked 
|  58|0x0000000083a00000, 0x0000000083b00000, 0x0000000083b00000|100%| O|  |TAMS 0x0000000083b00000, 0x0000000083a00000| Untracked 
|  59|0x0000000083b00000, 0x0000000083c00000, 0x0000000083c00000|100%| O|  |TAMS 0x0000000083c00000, 0x0000000083b00000| Untracked 
|  60|0x0000000083c00000, 0x0000000083d00000, 0x0000000083d00000|100%| O|  |TAMS 0x0000000083d00000, 0x0000000083c00000| Untracked 
|  61|0x0000000083d00000, 0x0000000083e00000, 0x0000000083e00000|100%| O|  |TAMS 0x0000000083e00000, 0x0000000083d00000| Untracked 
|  62|0x0000000083e00000, 0x0000000083f00000, 0x0000000083f00000|100%| O|  |TAMS 0x0000000083f00000, 0x0000000083e00000| Untracked 
|  63|0x0000000083f00000, 0x0000000084000000, 0x0000000084000000|100%| O|  |TAMS 0x0000000084000000, 0x0000000083f00000| Untracked 
|  64|0x0000000084000000, 0x0000000084100000, 0x0000000084100000|100%| O|  |TAMS 0x0000000084100000, 0x0000000084000000| Untracked 
|  65|0x0000000084100000, 0x0000000084200000, 0x0000000084200000|100%| O|  |TAMS 0x0000000084200000, 0x0000000084100000| Untracked 
|  66|0x0000000084200000, 0x0000000084300000, 0x0000000084300000|100%| O|  |TAMS 0x0000000084300000, 0x0000000084200000| Untracked 
|  67|0x0000000084300000, 0x0000000084400000, 0x0000000084400000|100%| O|  |TAMS 0x0000000084400000, 0x0000000084300000| Untracked 
|  68|0x0000000084400000, 0x0000000084500000, 0x0000000084500000|100%| O|  |TAMS 0x0000000084500000, 0x0000000084400000| Untracked 
|  69|0x0000000084500000, 0x0000000084600000, 0x0000000084600000|100%| O|  |TAMS 0x0000000084600000, 0x0000000084500000| Untracked 
|  70|0x0000000084600000, 0x0000000084700000, 0x0000000084700000|100%| O|  |TAMS 0x0000000084700000, 0x0000000084600000| Untracked 
|  71|0x0000000084700000, 0x0000000084800000, 0x0000000084800000|100%| O|  |TAMS 0x0000000084800000, 0x0000000084700000| Untracked 
|  72|0x0000000084800000, 0x0000000084900000, 0x0000000084900000|100%| O|  |TAMS 0x0000000084900000, 0x0000000084800000| Untracked 
|  73|0x0000000084900000, 0x0000000084a00000, 0x0000000084a00000|100%| O|  |TAMS 0x0000000084a00000, 0x0000000084900000| Untracked 
|  74|0x0000000084a00000, 0x0000000084b00000, 0x0000000084b00000|100%| O|  |TAMS 0x0000000084b00000, 0x0000000084a00000| Untracked 
|  75|0x0000000084b00000, 0x0000000084c00000, 0x0000000084c00000|100%| O|  |TAMS 0x0000000084c00000, 0x0000000084b00000| Untracked 
|  76|0x0000000084c00000, 0x0000000084d00000, 0x0000000084d00000|100%| O|  |TAMS 0x0000000084d00000, 0x0000000084c00000| Untracked 
|  77|0x0000000084d00000, 0x0000000084e00000, 0x0000000084e00000|100%| O|  |TAMS 0x0000000084e00000, 0x0000000084d00000| Untracked 
|  78|0x0000000084e00000, 0x0000000084f00000, 0x0000000084f00000|100%| O|  |TAMS 0x0000000084f00000, 0x0000000084e00000| Untracked 
|  79|0x0000000084f00000, 0x0000000085000000, 0x0000000085000000|100%| O|  |TAMS 0x0000000085000000, 0x0000000084f00000| Untracked 
|  80|0x0000000085000000, 0x0000000085100000, 0x0000000085100000|100%| O|  |TAMS 0x0000000085100000, 0x0000000085000000| Untracked 
|  81|0x0000000085100000, 0x0000000085200000, 0x0000000085200000|100%|HS|  |TAMS 0x0000000085100000, 0x0000000085100000| Complete 
|  82|0x0000000085200000, 0x0000000085300000, 0x0000000085300000|100%| O|  |TAMS 0x0000000085300000, 0x0000000085200000| Untracked 
|  83|0x0000000085300000, 0x0000000085400000, 0x0000000085400000|100%| O|  |TAMS 0x0000000085400000, 0x0000000085300000| Untracked 
|  84|0x0000000085400000, 0x0000000085500000, 0x0000000085500000|100%| O|  |TAMS 0x0000000085500000, 0x0000000085400000| Untracked 
|  85|0x0000000085500000, 0x0000000085600000, 0x0000000085600000|100%| O|  |TAMS 0x0000000085600000, 0x0000000085500000| Untracked 
|  86|0x0000000085600000, 0x0000000085700000, 0x0000000085700000|100%| O|  |TAMS 0x0000000085700000, 0x0000000085600000| Untracked 
|  87|0x0000000085700000, 0x0000000085800000, 0x0000000085800000|100%| O|  |TAMS 0x0000000085800000, 0x0000000085700000| Untracked 
|  88|0x0000000085800000, 0x0000000085900000, 0x0000000085900000|100%|HS|  |TAMS 0x0000000085900000, 0x0000000085800000| Complete 
|  89|0x0000000085900000, 0x0000000085a00000, 0x0000000085a00000|100%|HC|  |TAMS 0x0000000085a00000, 0x0000000085900000| Complete 
|  90|0x0000000085a00000, 0x0000000085b00000, 0x0000000085b00000|100%| O|  |TAMS 0x0000000085a00000, 0x0000000085a00000| Untracked 
|  91|0x0000000085b00000, 0x0000000085c00000, 0x0000000085c00000|100%| O|  |TAMS 0x0000000085c00000, 0x0000000085b00000| Untracked 
|  92|0x0000000085c00000, 0x0000000085d00000, 0x0000000085d00000|100%|HS|  |TAMS 0x0000000085d00000, 0x0000000085c00000| Complete 
|  93|0x0000000085d00000, 0x0000000085e00000, 0x0000000085e00000|100%|HS|  |TAMS 0x0000000085e00000, 0x0000000085d00000| Complete 
|  94|0x0000000085e00000, 0x0000000085f00000, 0x0000000085f00000|100%|HS|  |TAMS 0x0000000085f00000, 0x0000000085e00000| Complete 
|  95|0x0000000085f00000, 0x0000000086000000, 0x0000000086000000|100%|HC|  |TAMS 0x0000000086000000, 0x0000000085f00000| Complete 
|  96|0x0000000086000000, 0x0000000086100000, 0x0000000086100000|100%| O|  |TAMS 0x0000000086100000, 0x0000000086000000| Untracked 
|  97|0x0000000086100000, 0x0000000086200000, 0x0000000086200000|100%| O|  |TAMS 0x0000000086200000, 0x0000000086100000| Untracked 
|  98|0x0000000086200000, 0x0000000086300000, 0x0000000086300000|100%| O|  |TAMS 0x0000000086300000, 0x0000000086200000| Untracked 
|  99|0x0000000086300000, 0x0000000086400000, 0x0000000086400000|100%| O|  |TAMS 0x0000000086400000, 0x0000000086300000| Untracked 
| 100|0x0000000086400000, 0x0000000086500000, 0x0000000086500000|100%| O|  |TAMS 0x0000000086500000, 0x0000000086400000| Untracked 
| 101|0x0000000086500000, 0x0000000086600000, 0x0000000086600000|100%| O|  |TAMS 0x0000000086600000, 0x0000000086500000| Untracked 
| 102|0x0000000086600000, 0x0000000086700000, 0x0000000086700000|100%|HS|  |TAMS 0x0000000086700000, 0x0000000086600000| Complete 
| 103|0x0000000086700000, 0x0000000086800000, 0x0000000086800000|100%| O|  |TAMS 0x0000000086700000, 0x0000000086700000| Untracked 
| 104|0x0000000086800000, 0x0000000086900000, 0x0000000086900000|100%| O|  |TAMS 0x0000000086900000, 0x0000000086800000| Untracked 
| 105|0x0000000086900000, 0x0000000086a00000, 0x0000000086a00000|100%|HS|  |TAMS 0x0000000086a00000, 0x0000000086900000| Complete 
| 106|0x0000000086a00000, 0x0000000086b00000, 0x0000000086b00000|100%|HC|  |TAMS 0x0000000086b00000, 0x0000000086a00000| Complete 
| 107|0x0000000086b00000, 0x0000000086c00000, 0x0000000086c00000|100%| O|  |TAMS 0x0000000086c00000, 0x0000000086b00000| Untracked 
| 108|0x0000000086c00000, 0x0000000086d00000, 0x0000000086d00000|100%| O|  |TAMS 0x0000000086d00000, 0x0000000086c00000| Untracked 
| 109|0x0000000086d00000, 0x0000000086e00000, 0x0000000086e00000|100%| O|  |TAMS 0x0000000086e00000, 0x0000000086d00000| Untracked 
| 110|0x0000000086e00000, 0x0000000086f00000, 0x0000000086f00000|100%| O|  |TAMS 0x0000000086f00000, 0x0000000086e00000| Untracked 
| 111|0x0000000086f00000, 0x0000000087000000, 0x0000000087000000|100%| O|  |TAMS 0x0000000087000000, 0x0000000086f00000| Untracked 
| 112|0x0000000087000000, 0x0000000087100000, 0x0000000087100000|100%|HS|  |TAMS 0x0000000087100000, 0x0000000087000000| Complete 
| 113|0x0000000087100000, 0x0000000087200000, 0x0000000087200000|100%|HC|  |TAMS 0x0000000087200000, 0x0000000087100000| Complete 
| 114|0x0000000087200000, 0x0000000087300000, 0x0000000087300000|100%|HC|  |TAMS 0x0000000087300000, 0x0000000087200000| Complete 
| 115|0x0000000087300000, 0x0000000087400000, 0x0000000087400000|100%|HC|  |TAMS 0x0000000087400000, 0x0000000087300000| Complete 
| 116|0x0000000087400000, 0x0000000087500000, 0x0000000087500000|100%|HC|  |TAMS 0x0000000087500000, 0x0000000087400000| Complete 
| 117|0x0000000087500000, 0x0000000087600000, 0x0000000087600000|100%|HC|  |TAMS 0x0000000087600000, 0x0000000087500000| Complete 
| 118|0x0000000087600000, 0x0000000087700000, 0x0000000087700000|100%|HS|  |TAMS 0x0000000087700000, 0x0000000087600000| Complete 
| 119|0x0000000087700000, 0x0000000087800000, 0x0000000087800000|100%|HC|  |TAMS 0x0000000087800000, 0x0000000087700000| Complete 
| 120|0x0000000087800000, 0x0000000087900000, 0x0000000087900000|100%|HC|  |TAMS 0x0000000087900000, 0x0000000087800000| Complete 
| 121|0x0000000087900000, 0x0000000087a00000, 0x0000000087a00000|100%|HS|  |TAMS 0x0000000087900000, 0x0000000087900000| Complete 
| 122|0x0000000087a00000, 0x0000000087b00000, 0x0000000087b00000|100%|HC|  |TAMS 0x0000000087a00000, 0x0000000087a00000| Complete 
| 123|0x0000000087b00000, 0x0000000087c00000, 0x0000000087c00000|100%| O|  |TAMS 0x0000000087c00000, 0x0000000087b00000| Untracked 
| 124|0x0000000087c00000, 0x0000000087d00000, 0x0000000087d00000|100%| O|  |TAMS 0x0000000087c00000, 0x0000000087c00000| Untracked 
| 125|0x0000000087d00000, 0x0000000087e00000, 0x0000000087e00000|100%| O|  |TAMS 0x0000000087d00000, 0x0000000087d00000| Untracked 
| 126|0x0000000087e00000, 0x0000000087f00000, 0x0000000087f00000|100%| O|  |TAMS 0x0000000087e00000, 0x0000000087e00000| Untracked 
| 127|0x0000000087f00000, 0x0000000088000000, 0x0000000088000000|100%| O|  |TAMS 0x0000000087f00000, 0x0000000087f00000| Untracked 
| 128|0x0000000088000000, 0x0000000088100000, 0x0000000088100000|100%| O|  |TAMS 0x0000000088000000, 0x0000000088000000| Untracked 
| 129|0x0000000088100000, 0x0000000088200000, 0x0000000088200000|100%| O|  |TAMS 0x0000000088100000, 0x0000000088100000| Untracked 
| 130|0x0000000088200000, 0x0000000088300000, 0x0000000088300000|100%| O|  |TAMS 0x0000000088200000, 0x0000000088200000| Untracked 
| 131|0x0000000088300000, 0x0000000088400000, 0x0000000088400000|100%| O|  |TAMS 0x0000000088300000, 0x0000000088300000| Untracked 
| 132|0x0000000088400000, 0x0000000088500000, 0x0000000088500000|100%|HS|  |TAMS 0x0000000088400000, 0x0000000088400000| Complete 
| 133|0x0000000088500000, 0x0000000088600000, 0x0000000088600000|100%|HC|  |TAMS 0x0000000088500000, 0x0000000088500000| Complete 
| 134|0x0000000088600000, 0x0000000088700000, 0x0000000088700000|100%|HC|  |TAMS 0x0000000088600000, 0x0000000088600000| Complete 
| 135|0x0000000088700000, 0x0000000088800000, 0x0000000088800000|100%| O|  |TAMS 0x0000000088700000, 0x0000000088700000| Untracked 
| 136|0x0000000088800000, 0x0000000088900000, 0x0000000088900000|100%| O|  |TAMS 0x0000000088800000, 0x0000000088800000| Untracked 
| 137|0x0000000088900000, 0x0000000088a00000, 0x0000000088a00000|100%|HS|  |TAMS 0x0000000088a00000, 0x0000000088900000| Complete 
| 138|0x0000000088a00000, 0x0000000088b00000, 0x0000000088b00000|100%|HC|  |TAMS 0x0000000088b00000, 0x0000000088a00000| Complete 
| 139|0x0000000088b00000, 0x0000000088c00000, 0x0000000088c00000|100%|HC|  |TAMS 0x0000000088c00000, 0x0000000088b00000| Complete 
| 140|0x0000000088c00000, 0x0000000088d00000, 0x0000000088d00000|100%|HC|  |TAMS 0x0000000088d00000, 0x0000000088c00000| Complete 
| 141|0x0000000088d00000, 0x0000000088e00000, 0x0000000088e00000|100%|HC|  |TAMS 0x0000000088e00000, 0x0000000088d00000| Complete 
| 142|0x0000000088e00000, 0x0000000088f00000, 0x0000000088f00000|100%|HC|  |TAMS 0x0000000088f00000, 0x0000000088e00000| Complete 
| 143|0x0000000088f00000, 0x0000000089000000, 0x0000000089000000|100%|HS|  |TAMS 0x0000000089000000, 0x0000000088f00000| Complete 
| 144|0x0000000089000000, 0x0000000089100000, 0x0000000089100000|100%|HC|  |TAMS 0x0000000089100000, 0x0000000089000000| Complete 
| 145|0x0000000089100000, 0x0000000089200000, 0x0000000089200000|100%|HS|  |TAMS 0x0000000089200000, 0x0000000089100000| Complete 
| 146|0x0000000089200000, 0x0000000089300000, 0x0000000089300000|100%| O|  |TAMS 0x0000000089200000, 0x0000000089200000| Untracked 
| 147|0x0000000089300000, 0x0000000089400000, 0x0000000089400000|100%|HS|  |TAMS 0x0000000089400000, 0x0000000089300000| Complete 
| 148|0x0000000089400000, 0x0000000089500000, 0x0000000089500000|100%| O|  |TAMS 0x0000000089400000, 0x0000000089400000| Untracked 
| 149|0x0000000089500000, 0x0000000089600000, 0x0000000089600000|100%| O|  |TAMS 0x0000000089500000, 0x0000000089500000| Untracked 
| 150|0x0000000089600000, 0x0000000089700000, 0x0000000089700000|100%| O|  |TAMS 0x0000000089600000, 0x0000000089600000| Untracked 
| 151|0x0000000089700000, 0x0000000089800000, 0x0000000089800000|100%|HS|  |TAMS 0x0000000089800000, 0x0000000089700000| Complete 
| 152|0x0000000089800000, 0x0000000089900000, 0x0000000089900000|100%|HC|  |TAMS 0x0000000089900000, 0x0000000089800000| Complete 
| 153|0x0000000089900000, 0x0000000089a00000, 0x0000000089a00000|100%| O|  |TAMS 0x0000000089900000, 0x0000000089900000| Untracked 
| 154|0x0000000089a00000, 0x0000000089b00000, 0x0000000089b00000|100%|HS|  |TAMS 0x0000000089b00000, 0x0000000089a00000| Complete 
| 155|0x0000000089b00000, 0x0000000089c00000, 0x0000000089c00000|100%| O|  |TAMS 0x0000000089b00000, 0x0000000089b00000| Untracked 
| 156|0x0000000089c00000, 0x0000000089d00000, 0x0000000089d00000|100%| O|  |TAMS 0x0000000089c00000, 0x0000000089c00000| Untracked 
| 157|0x0000000089d00000, 0x0000000089e00000, 0x0000000089e00000|100%| O|  |TAMS 0x0000000089d00000, 0x0000000089d00000| Untracked 
| 158|0x0000000089e00000, 0x0000000089f00000, 0x0000000089f00000|100%| O|  |TAMS 0x0000000089f00000, 0x0000000089e00000| Untracked 
| 159|0x0000000089f00000, 0x000000008a000000, 0x000000008a000000|100%| O|  |TAMS 0x000000008a000000, 0x0000000089f00000| Untracked 
| 160|0x000000008a000000, 0x000000008a100000, 0x000000008a100000|100%| O|  |TAMS 0x000000008a100000, 0x000000008a000000| Untracked 
| 161|0x000000008a100000, 0x000000008a200000, 0x000000008a200000|100%| O|  |TAMS 0x000000008a200000, 0x000000008a100000| Untracked 
| 162|0x000000008a200000, 0x000000008a300000, 0x000000008a300000|100%| O|  |TAMS 0x000000008a300000, 0x000000008a200000| Untracked 
| 163|0x000000008a300000, 0x000000008a400000, 0x000000008a400000|100%| O|  |TAMS 0x000000008a400000, 0x000000008a300000| Untracked 
| 164|0x000000008a400000, 0x000000008a500000, 0x000000008a500000|100%| O|  |TAMS 0x000000008a500000, 0x000000008a400000| Untracked 
| 165|0x000000008a500000, 0x000000008a600000, 0x000000008a600000|100%| O|  |TAMS 0x000000008a600000, 0x000000008a500000| Untracked 
| 166|0x000000008a600000, 0x000000008a700000, 0x000000008a700000|100%| O|  |TAMS 0x000000008a682e00, 0x000000008a600000| Untracked 
| 167|0x000000008a700000, 0x000000008a800000, 0x000000008a800000|100%| O|  |TAMS 0x000000008a700000, 0x000000008a700000| Untracked 
| 168|0x000000008a800000, 0x000000008a900000, 0x000000008a900000|100%| O|  |TAMS 0x000000008a800000, 0x000000008a800000| Untracked 
| 169|0x000000008a900000, 0x000000008aa00000, 0x000000008aa00000|100%| O|  |TAMS 0x000000008a900000, 0x000000008a900000| Untracked 
| 170|0x000000008aa00000, 0x000000008ab00000, 0x000000008ab00000|100%| O|  |TAMS 0x000000008aa00000, 0x000000008aa00000| Untracked 
| 171|0x000000008ab00000, 0x000000008ac00000, 0x000000008ac00000|100%|HS|  |TAMS 0x000000008ab00000, 0x000000008ab00000| Complete 
| 172|0x000000008ac00000, 0x000000008ad00000, 0x000000008ad00000|100%| O|  |TAMS 0x000000008ac00000, 0x000000008ac00000| Untracked 
| 173|0x000000008ad00000, 0x000000008ae00000, 0x000000008ae00000|100%| O|  |TAMS 0x000000008ad00000, 0x000000008ad00000| Untracked 
| 174|0x000000008ae00000, 0x000000008af00000, 0x000000008af00000|100%| O|  |TAMS 0x000000008ae00000, 0x000000008ae00000| Untracked 
| 175|0x000000008af00000, 0x000000008b000000, 0x000000008b000000|100%| O|  |TAMS 0x000000008af00000, 0x000000008af00000| Untracked 
| 176|0x000000008b000000, 0x000000008b100000, 0x000000008b100000|100%| O|  |TAMS 0x000000008b000000, 0x000000008b000000| Untracked 
| 177|0x000000008b100000, 0x000000008b200000, 0x000000008b200000|100%| O|  |TAMS 0x000000008b100000, 0x000000008b100000| Untracked 
| 178|0x000000008b200000, 0x000000008b300000, 0x000000008b300000|100%| O|  |TAMS 0x000000008b200000, 0x000000008b200000| Untracked 
| 179|0x000000008b300000, 0x000000008b400000, 0x000000008b400000|100%| O|  |TAMS 0x000000008b300000, 0x000000008b300000| Untracked 
| 180|0x000000008b400000, 0x000000008b444600, 0x000000008b500000| 26%| O|  |TAMS 0x000000008b400000, 0x000000008b400000| Untracked 
| 181|0x000000008b500000, 0x000000008b500000, 0x000000008b600000|  0%| F|  |TAMS 0x000000008b500000, 0x000000008b500000| Untracked 
| 182|0x000000008b600000, 0x000000008b600000, 0x000000008b700000|  0%| F|  |TAMS 0x000000008b600000, 0x000000008b600000| Untracked 
| 183|0x000000008b700000, 0x000000008b700000, 0x000000008b800000|  0%| F|  |TAMS 0x000000008b700000, 0x000000008b700000| Untracked 
| 184|0x000000008b800000, 0x000000008b800000, 0x000000008b900000|  0%| F|  |TAMS 0x000000008b800000, 0x000000008b800000| Untracked 
| 185|0x000000008b900000, 0x000000008b900000, 0x000000008ba00000|  0%| F|  |TAMS 0x000000008b900000, 0x000000008b900000| Untracked 
| 186|0x000000008ba00000, 0x000000008ba00000, 0x000000008bb00000|  0%| F|  |TAMS 0x000000008ba00000, 0x000000008ba00000| Untracked 
| 187|0x000000008bb00000, 0x000000008bb00000, 0x000000008bc00000|  0%| F|  |TAMS 0x000000008bb00000, 0x000000008bb00000| Untracked 
| 188|0x000000008bc00000, 0x000000008bc00000, 0x000000008bd00000|  0%| F|  |TAMS 0x000000008bc00000, 0x000000008bc00000| Untracked 
| 189|0x000000008bd00000, 0x000000008bd00000, 0x000000008be00000|  0%| F|  |TAMS 0x000000008bd00000, 0x000000008bd00000| Untracked 
| 190|0x000000008be00000, 0x000000008be00000, 0x000000008bf00000|  0%| F|  |TAMS 0x000000008be00000, 0x000000008be00000| Untracked 
| 191|0x000000008bf00000, 0x000000008bf00000, 0x000000008c000000|  0%| F|  |TAMS 0x000000008bf00000, 0x000000008bf00000| Untracked 
| 192|0x000000008c000000, 0x000000008c000000, 0x000000008c100000|  0%| F|  |TAMS 0x000000008c000000, 0x000000008c000000| Untracked 
| 193|0x000000008c100000, 0x000000008c100000, 0x000000008c200000|  0%| F|  |TAMS 0x000000008c100000, 0x000000008c100000| Untracked 
| 194|0x000000008c200000, 0x000000008c200000, 0x000000008c300000|  0%| F|  |TAMS 0x000000008c200000, 0x000000008c200000| Untracked 
| 195|0x000000008c300000, 0x000000008c300000, 0x000000008c400000|  0%| F|  |TAMS 0x000000008c300000, 0x000000008c300000| Untracked 
| 196|0x000000008c400000, 0x000000008c400000, 0x000000008c500000|  0%| F|  |TAMS 0x000000008c400000, 0x000000008c400000| Untracked 
| 197|0x000000008c500000, 0x000000008c500000, 0x000000008c600000|  0%| F|  |TAMS 0x000000008c500000, 0x000000008c500000| Untracked 
| 198|0x000000008c600000, 0x000000008c600000, 0x000000008c700000|  0%| F|  |TAMS 0x000000008c600000, 0x000000008c600000| Untracked 
| 199|0x000000008c700000, 0x000000008c700000, 0x000000008c800000|  0%| F|  |TAMS 0x000000008c700000, 0x000000008c700000| Untracked 
| 200|0x000000008c800000, 0x000000008c800000, 0x000000008c900000|  0%| F|  |TAMS 0x000000008c800000, 0x000000008c800000| Untracked 
| 201|0x000000008c900000, 0x000000008c900000, 0x000000008ca00000|  0%| F|  |TAMS 0x000000008c900000, 0x000000008c900000| Untracked 
| 202|0x000000008ca00000, 0x000000008ca00000, 0x000000008cb00000|  0%| F|  |TAMS 0x000000008ca00000, 0x000000008ca00000| Untracked 
| 203|0x000000008cb00000, 0x000000008cb00000, 0x000000008cc00000|  0%| F|  |TAMS 0x000000008cb00000, 0x000000008cb00000| Untracked 
| 204|0x000000008cc00000, 0x000000008cc00000, 0x000000008cd00000|  0%| F|  |TAMS 0x000000008cc00000, 0x000000008cc00000| Untracked 
| 205|0x000000008cd00000, 0x000000008cd00000, 0x000000008ce00000|  0%| F|  |TAMS 0x000000008cd00000, 0x000000008cd00000| Untracked 
| 206|0x000000008ce00000, 0x000000008ce00000, 0x000000008cf00000|  0%| F|  |TAMS 0x000000008ce00000, 0x000000008ce00000| Untracked 
| 207|0x000000008cf00000, 0x000000008cf00000, 0x000000008d000000|  0%| F|  |TAMS 0x000000008cf00000, 0x000000008cf00000| Untracked 
| 208|0x000000008d000000, 0x000000008d000000, 0x000000008d100000|  0%| F|  |TAMS 0x000000008d000000, 0x000000008d000000| Untracked 
| 209|0x000000008d100000, 0x000000008d100000, 0x000000008d200000|  0%| F|  |TAMS 0x000000008d100000, 0x000000008d100000| Untracked 
| 210|0x000000008d200000, 0x000000008d200000, 0x000000008d300000|  0%| F|  |TAMS 0x000000008d200000, 0x000000008d200000| Untracked 
| 211|0x000000008d300000, 0x000000008d300000, 0x000000008d400000|  0%| F|  |TAMS 0x000000008d300000, 0x000000008d300000| Untracked 
| 212|0x000000008d400000, 0x000000008d400000, 0x000000008d500000|  0%| F|  |TAMS 0x000000008d400000, 0x000000008d400000| Untracked 
| 213|0x000000008d500000, 0x000000008d500000, 0x000000008d600000|  0%| F|  |TAMS 0x000000008d500000, 0x000000008d500000| Untracked 
| 214|0x000000008d600000, 0x000000008d600000, 0x000000008d700000|  0%| F|  |TAMS 0x000000008d600000, 0x000000008d600000| Untracked 
| 215|0x000000008d700000, 0x000000008d700000, 0x000000008d800000|  0%| F|  |TAMS 0x000000008d700000, 0x000000008d700000| Untracked 
| 216|0x000000008d800000, 0x000000008d800000, 0x000000008d900000|  0%| F|  |TAMS 0x000000008d800000, 0x000000008d800000| Untracked 
| 217|0x000000008d900000, 0x000000008d900000, 0x000000008da00000|  0%| F|  |TAMS 0x000000008d900000, 0x000000008d900000| Untracked 
| 218|0x000000008da00000, 0x000000008da00000, 0x000000008db00000|  0%| F|  |TAMS 0x000000008da00000, 0x000000008da00000| Untracked 
| 219|0x000000008db00000, 0x000000008db00000, 0x000000008dc00000|  0%| F|  |TAMS 0x000000008db00000, 0x000000008db00000| Untracked 
| 220|0x000000008dc00000, 0x000000008dc00000, 0x000000008dd00000|  0%| F|  |TAMS 0x000000008dc00000, 0x000000008dc00000| Untracked 
| 221|0x000000008dd00000, 0x000000008dd00000, 0x000000008de00000|  0%| F|  |TAMS 0x000000008dd00000, 0x000000008dd00000| Untracked 
| 222|0x000000008de00000, 0x000000008de00000, 0x000000008df00000|  0%| F|  |TAMS 0x000000008de00000, 0x000000008de00000| Untracked 
| 223|0x000000008df00000, 0x000000008df00000, 0x000000008e000000|  0%| F|  |TAMS 0x000000008df00000, 0x000000008df00000| Untracked 
| 224|0x000000008e000000, 0x000000008e000000, 0x000000008e100000|  0%| F|  |TAMS 0x000000008e000000, 0x000000008e000000| Untracked 
| 225|0x000000008e100000, 0x000000008e100000, 0x000000008e200000|  0%| F|  |TAMS 0x000000008e100000, 0x000000008e100000| Untracked 
| 226|0x000000008e200000, 0x000000008e200000, 0x000000008e300000|  0%| F|  |TAMS 0x000000008e200000, 0x000000008e200000| Untracked 
| 227|0x000000008e300000, 0x000000008e300000, 0x000000008e400000|  0%| F|  |TAMS 0x000000008e300000, 0x000000008e300000| Untracked 
| 228|0x000000008e400000, 0x000000008e400000, 0x000000008e500000|  0%| F|  |TAMS 0x000000008e400000, 0x000000008e400000| Untracked 
| 229|0x000000008e500000, 0x000000008e500000, 0x000000008e600000|  0%| F|  |TAMS 0x000000008e500000, 0x000000008e500000| Untracked 
| 230|0x000000008e600000, 0x000000008e600000, 0x000000008e700000|  0%| F|  |TAMS 0x000000008e600000, 0x000000008e600000| Untracked 
| 231|0x000000008e700000, 0x000000008e700000, 0x000000008e800000|  0%| F|  |TAMS 0x000000008e700000, 0x000000008e700000| Untracked 
| 232|0x000000008e800000, 0x000000008e800000, 0x000000008e900000|  0%| F|  |TAMS 0x000000008e800000, 0x000000008e800000| Untracked 
| 233|0x000000008e900000, 0x000000008e900000, 0x000000008ea00000|  0%| F|  |TAMS 0x000000008e900000, 0x000000008e900000| Untracked 
| 234|0x000000008ea00000, 0x000000008ea00000, 0x000000008eb00000|  0%| F|  |TAMS 0x000000008ea00000, 0x000000008ea00000| Untracked 
| 235|0x000000008eb00000, 0x000000008eb00000, 0x000000008ec00000|  0%| F|  |TAMS 0x000000008eb00000, 0x000000008eb00000| Untracked 
| 236|0x000000008ec00000, 0x000000008ec00000, 0x000000008ed00000|  0%| F|  |TAMS 0x000000008ec00000, 0x000000008ec00000| Untracked 
| 237|0x000000008ed00000, 0x000000008ed00000, 0x000000008ee00000|  0%| F|  |TAMS 0x000000008ed00000, 0x000000008ed00000| Untracked 
| 238|0x000000008ee00000, 0x000000008ee00000, 0x000000008ef00000|  0%| F|  |TAMS 0x000000008ee00000, 0x000000008ee00000| Untracked 
| 239|0x000000008ef00000, 0x000000008ef00000, 0x000000008f000000|  0%| F|  |TAMS 0x000000008ef00000, 0x000000008ef00000| Untracked 
| 240|0x000000008f000000, 0x000000008f000000, 0x000000008f100000|  0%| F|  |TAMS 0x000000008f000000, 0x000000008f000000| Untracked 
| 241|0x000000008f100000, 0x000000008f100000, 0x000000008f200000|  0%| F|  |TAMS 0x000000008f100000, 0x000000008f100000| Untracked 
| 242|0x000000008f200000, 0x000000008f200000, 0x000000008f300000|  0%| F|  |TAMS 0x000000008f200000, 0x000000008f200000| Untracked 
| 243|0x000000008f300000, 0x000000008f300000, 0x000000008f400000|  0%| F|  |TAMS 0x000000008f300000, 0x000000008f300000| Untracked 
| 244|0x000000008f400000, 0x000000008f400000, 0x000000008f500000|  0%| F|  |TAMS 0x000000008f400000, 0x000000008f400000| Untracked 
| 245|0x000000008f500000, 0x000000008f500000, 0x000000008f600000|  0%| F|  |TAMS 0x000000008f500000, 0x000000008f500000| Untracked 
| 246|0x000000008f600000, 0x000000008f600000, 0x000000008f700000|  0%| F|  |TAMS 0x000000008f600000, 0x000000008f600000| Untracked 
| 247|0x000000008f700000, 0x000000008f700000, 0x000000008f800000|  0%| F|  |TAMS 0x000000008f700000, 0x000000008f700000| Untracked 
| 248|0x000000008f800000, 0x000000008f800000, 0x000000008f900000|  0%| F|  |TAMS 0x000000008f800000, 0x000000008f800000| Untracked 
| 249|0x000000008f900000, 0x000000008f900000, 0x000000008fa00000|  0%| F|  |TAMS 0x000000008f900000, 0x000000008f900000| Untracked 
| 250|0x000000008fa00000, 0x000000008fa00000, 0x000000008fb00000|  0%| F|  |TAMS 0x000000008fa00000, 0x000000008fa00000| Untracked 
| 251|0x000000008fb00000, 0x000000008fb00000, 0x000000008fc00000|  0%| F|  |TAMS 0x000000008fb00000, 0x000000008fb00000| Untracked 
| 252|0x000000008fc00000, 0x000000008fc00000, 0x000000008fd00000|  0%| F|  |TAMS 0x000000008fc00000, 0x000000008fc00000| Untracked 
| 253|0x000000008fd00000, 0x000000008fe00000, 0x000000008fe00000|100%| S|CS|TAMS 0x000000008fd00000, 0x000000008fd00000| Complete 
| 254|0x000000008fe00000, 0x000000008ff00000, 0x000000008ff00000|100%| S|CS|TAMS 0x000000008fe00000, 0x000000008fe00000| Complete 
| 255|0x000000008ff00000, 0x000000008ff00000, 0x0000000090000000|  0%| F|  |TAMS 0x000000008ff00000, 0x000000008ff00000| Untracked 
| 256|0x0000000090000000, 0x0000000090000000, 0x0000000090100000|  0%| F|  |TAMS 0x0000000090000000, 0x0000000090000000| Untracked 
| 257|0x0000000090100000, 0x0000000090100000, 0x0000000090200000|  0%| F|  |TAMS 0x0000000090100000, 0x0000000090100000| Untracked 
| 258|0x0000000090200000, 0x0000000090200000, 0x0000000090300000|  0%| F|  |TAMS 0x0000000090200000, 0x0000000090200000| Untracked 
| 259|0x0000000090300000, 0x0000000090300000, 0x0000000090400000|  0%| F|  |TAMS 0x0000000090300000, 0x0000000090300000| Untracked 
| 260|0x0000000090400000, 0x0000000090400000, 0x0000000090500000|  0%| F|  |TAMS 0x0000000090400000, 0x0000000090400000| Untracked 
| 261|0x0000000090500000, 0x0000000090500000, 0x0000000090600000|  0%| F|  |TAMS 0x0000000090500000, 0x0000000090500000| Untracked 
| 262|0x0000000090600000, 0x0000000090600000, 0x0000000090700000|  0%| F|  |TAMS 0x0000000090600000, 0x0000000090600000| Untracked 
| 263|0x0000000090700000, 0x0000000090700000, 0x0000000090800000|  0%| F|  |TAMS 0x0000000090700000, 0x0000000090700000| Untracked 
| 264|0x0000000090800000, 0x0000000090800000, 0x0000000090900000|  0%| F|  |TAMS 0x0000000090800000, 0x0000000090800000| Untracked 
| 265|0x0000000090900000, 0x0000000090900000, 0x0000000090a00000|  0%| F|  |TAMS 0x0000000090900000, 0x0000000090900000| Untracked 

Card table byte_map: [0x0000024b1bd70000,0x0000024b1c170000] _byte_map_base: 0x0000024b1b970000

Marking Bits (Prev, Next): (CMBitMap*) 0x0000024b08b56c20, (CMBitMap*) 0x0000024b08b56be8
 Prev Bits: [0x0000024b1e570000, 0x0000024b20570000)
 Next Bits: [0x0000024b1c570000, 0x0000024b1e570000)

Polling page: 0x0000024b06b30000

Metaspace:

Usage:
  Non-class:     98.30 MB capacity,    96.69 MB ( 98%) used,     1.26 MB (  1%) free+waste,   351.19 KB ( <1%) overhead. 
      Class:     14.97 MB capacity,    13.88 MB ( 93%) used,   953.62 KB (  6%) free+waste,   155.75 KB (  1%) overhead. 
       Both:    113.27 MB capacity,   110.58 MB ( 98%) used,     2.20 MB (  2%) free+waste,   506.94 KB ( <1%) overhead. 

Virtual space:
  Non-class space:      100.00 MB reserved,      98.51 MB ( 99%) committed 
      Class space:        1.00 GB reserved,      15.00 MB (  1%) committed 
             Both:        1.10 GB reserved,     113.51 MB ( 10%) committed 

Chunk freelists:
   Non-Class:  19.00 KB
       Class:  1.00 KB
        Both:  20.00 KB

MaxMetaspaceSize: 17179869184.00 GB
CompressedClassSpaceSize: 1.00 GB
Initial GC threshold: 20.80 MB
Current GC threshold: 189.18 MB
CDS: off

CodeHeap 'non-profiled nmethods': size=120000Kb used=8770Kb max_used=8770Kb free=111229Kb
 bounds [0x0000024b14110000, 0x0000024b149b0000, 0x0000024b1b640000]
CodeHeap 'profiled nmethods': size=120000Kb used=33831Kb max_used=33831Kb free=86168Kb
 bounds [0x0000024b0cbe0000, 0x0000024b0ecf0000, 0x0000024b14110000]
CodeHeap 'non-nmethods': size=5760Kb used=2453Kb max_used=2483Kb free=3306Kb
 bounds [0x0000024b0c640000, 0x0000024b0c8c0000, 0x0000024b0cbe0000]
 total_blobs=16743 nmethods=15767 adapters=888
 compilation: enabled
              stopped_count=0, restarted_count=0
 full_count=0

Compilation events (20 events):
Event: 48.635 Thread 0x0000024b23941800 16222       3       com.android.tools.r8.internal.rp::d (140 bytes)
Event: 48.635 Thread 0x0000024b23941800 nmethod 16222 0x0000024b0ece5b90 code [0x0000024b0ece5d60, 0x0000024b0ece6338]
Event: 48.636 Thread 0x0000024b23941800 16224 % !   3       com.android.tools.r8.graph.e1::t0 @ 52 (91 bytes)
Event: 48.637 Thread 0x0000024b23941800 nmethod 16224% 0x0000024b0ece6410 code [0x0000024b0ece6700, 0x0000024b0ece7688]
Event: 48.637 Thread 0x0000024b23941800 16223       3       com.android.tools.r8.internal.rp::c (85 bytes)
Event: 48.637 Thread 0x0000024b23941800 nmethod 16223 0x0000024b0ece7e10 code [0x0000024b0ece7fe0, 0x0000024b0ece83a8]
Event: 48.637 Thread 0x0000024b23941800 16225   !   3       com.android.tools.r8.graph.e1::t0 (91 bytes)
Event: 48.639 Thread 0x0000024b23941800 nmethod 16225 0x0000024b0ece8490 code [0x0000024b0ece8780, 0x0000024b0ece96a8]
Event: 48.648 Thread 0x0000024b2393e000 nmethod 16212% 0x0000024b14999d90 code [0x0000024b1499a060, 0x0000024b1499b048]
Event: 48.648 Thread 0x0000024b2393e000 16228   !   4       com.android.tools.r8.graph.e1::t0 (91 bytes)
Event: 48.677 Thread 0x0000024b2393e000 nmethod 16228 0x0000024b1499c010 code [0x0000024b1499c200, 0x0000024b1499d168]
Event: 48.677 Thread 0x0000024b2393e000 16216       4       java.lang.Long::parseLong (267 bytes)
Event: 48.714 Thread 0x0000024b2393e000 nmethod 16216 0x0000024b1499da10 code [0x0000024b1499dbe0, 0x0000024b1499e378]
Event: 48.714 Thread 0x0000024b2393e000 16226       4       com.android.tools.r8.internal.rp::c (85 bytes)
Event: 48.715 Thread 0x0000024b2393e000 nmethod 16226 0x0000024b1499e910 code [0x0000024b1499eaa0, 0x0000024b1499eb38]
Event: 48.715 Thread 0x0000024b2393e000 16227       4       com.android.tools.r8.internal.rp::d (140 bytes)
Event: 48.716 Thread 0x0000024b2393e000 nmethod 16227 0x0000024b1499ec10 code [0x0000024b1499eda0, 0x0000024b1499ee38]
Event: 48.716 Thread 0x0000024b2393e000 16215       4       com.android.tools.r8.internal.UD::a (276 bytes)
Event: 48.742 Thread 0x0000024b2393e000 nmethod 16215 0x0000024b1499ef10 code [0x0000024b1499f100, 0x0000024b149a03c8]
Event: 48.742 Thread 0x0000024b2393e000 16229       4       com.android.tools.r8.dex.i::l (2158 bytes)

GC Heap History (20 events):
Event: 41.158 GC heap after
{Heap after GC invocations=47 (full 0):
 garbage-first heap   total 226304K, used 118051K [0x0000000080000000, 0x0000000100000000)
  region size 1024K, 4 young (4096K), 4 survivors (4096K)
 Metaspace       used 103688K, capacity 106285K, committed 106632K, reserved 1142784K
  class space    used 13017K, capacity 14056K, committed 14208K, reserved 1048576K
}
Event: 43.782 GC heap before
{Heap before GC invocations=48 (full 0):
 garbage-first heap   total 226304K, used 167203K [0x0000000080000000, 0x0000000100000000)
  region size 1024K, 52 young (53248K), 4 survivors (4096K)
 Metaspace       used 105419K, capacity 108184K, committed 108296K, reserved 1142784K
  class space    used 13211K, capacity 14288K, committed 14336K, reserved 1048576K
}
Event: 43.796 GC heap after
{Heap after GC invocations=49 (full 0):
 garbage-first heap   total 226304K, used 120208K [0x0000000080000000, 0x0000000100000000)
  region size 1024K, 7 young (7168K), 7 survivors (7168K)
 Metaspace       used 105419K, capacity 108184K, committed 108296K, reserved 1142784K
  class space    used 13211K, capacity 14288K, committed 14336K, reserved 1048576K
}
Event: 43.867 GC heap before
{Heap before GC invocations=49 (full 0):
 garbage-first heap   total 226304K, used 124304K [0x0000000080000000, 0x0000000100000000)
  region size 1024K, 11 young (11264K), 7 survivors (7168K)
 Metaspace       used 105453K, capacity 108197K, committed 108296K, reserved 1142784K
  class space    used 13214K, capacity 14290K, committed 14336K, reserved 1048576K
}
Event: 43.883 GC heap after
{Heap after GC invocations=50 (full 0):
 garbage-first heap   total 272384K, used 107289K [0x0000000080000000, 0x0000000100000000)
  region size 1024K, 2 young (2048K), 2 survivors (2048K)
 Metaspace       used 105453K, capacity 108197K, committed 108296K, reserved 1142784K
  class space    used 13214K, capacity 14290K, committed 14336K, reserved 1048576K
}
Event: 45.250 GC heap before
{Heap before GC invocations=50 (full 0):
 garbage-first heap   total 272384K, used 181017K [0x0000000080000000, 0x0000000100000000)
  region size 1024K, 75 young (76800K), 2 survivors (2048K)
 Metaspace       used 107088K, capacity 109814K, committed 110088K, reserved 1144832K
  class space    used 13417K, capacity 14495K, committed 14592K, reserved 1048576K
}
Event: 45.259 GC heap after
{Heap after GC invocations=51 (full 0):
 garbage-first heap   total 272384K, used 109659K [0x0000000080000000, 0x0000000100000000)
  region size 1024K, 4 young (4096K), 4 survivors (4096K)
 Metaspace       used 107088K, capacity 109814K, committed 110088K, reserved 1144832K
  class space    used 13417K, capacity 14495K, committed 14592K, reserved 1048576K
}
Event: 47.155 GC heap before
{Heap before GC invocations=51 (full 0):
 garbage-first heap   total 272384K, used 202843K [0x0000000080000000, 0x0000000100000000)
  region size 1024K, 87 young (89088K), 4 survivors (4096K)
 Metaspace       used 110069K, capacity 112846K, committed 113032K, reserved 1146880K
  class space    used 13765K, capacity 14874K, committed 14976K, reserved 1048576K
}
Event: 47.167 GC heap after
{Heap after GC invocations=52 (full 0):
 garbage-first heap   total 272384K, used 123191K [0x0000000080000000, 0x0000000100000000)
  region size 1024K, 8 young (8192K), 8 survivors (8192K)
 Metaspace       used 110069K, capacity 112846K, committed 113032K, reserved 1146880K
  class space    used 13765K, capacity 14874K, committed 14976K, reserved 1048576K
}
Event: 48.004 GC heap before
{Heap before GC invocations=52 (full 0):
 garbage-first heap   total 272384K, used 198967K [0x0000000080000000, 0x0000000100000000)
  region size 1024K, 39 young (39936K), 8 survivors (8192K)
 Metaspace       used 112947K, capacity 115756K, committed 115976K, reserved 1150976K
  class space    used 14174K, capacity 15293K, committed 15360K, reserved 1048576K
}
Event: 48.041 GC heap after
{Heap after GC invocations=53 (full 0):
 garbage-first heap   total 272384K, used 161291K [0x0000000080000000, 0x0000000100000000)
  region size 1024K, 11 young (11264K), 11 survivors (11264K)
 Metaspace       used 112947K, capacity 115756K, committed 115976K, reserved 1150976K
  class space    used 14174K, capacity 15293K, committed 15360K, reserved 1048576K
}
Event: 48.073 GC heap before
{Heap before GC invocations=53 (full 0):
 garbage-first heap   total 272384K, used 173579K [0x0000000080000000, 0x0000000100000000)
  region size 1024K, 13 young (13312K), 11 survivors (11264K)
 Metaspace       used 112952K, capacity 115756K, committed 115976K, reserved 1150976K
  class space    used 14175K, capacity 15293K, committed 15360K, reserved 1048576K
}
Event: 48.096 GC heap after
{Heap after GC invocations=54 (full 0):
 garbage-first heap   total 272384K, used 164612K [0x0000000080000000, 0x0000000100000000)
  region size 1024K, 2 young (2048K), 2 survivors (2048K)
 Metaspace       used 112952K, capacity 115756K, committed 115976K, reserved 1150976K
  class space    used 14175K, capacity 15293K, committed 15360K, reserved 1048576K
}
Event: 48.373 GC heap before
{Heap before GC invocations=54 (full 0):
 garbage-first heap   total 272384K, used 176900K [0x0000000080000000, 0x0000000100000000)
  region size 1024K, 13 young (13312K), 2 survivors (2048K)
 Metaspace       used 113228K, capacity 115987K, committed 116232K, reserved 1150976K
  class space    used 14217K, capacity 15327K, committed 15360K, reserved 1048576K
}
Event: 48.384 GC heap after
{Heap after GC invocations=55 (full 0):
 garbage-first heap   total 272384K, used 169666K [0x0000000080000000, 0x0000000100000000)
  region size 1024K, 2 young (2048K), 2 survivors (2048K)
 Metaspace       used 113228K, capacity 115987K, committed 116232K, reserved 1150976K
  class space    used 14217K, capacity 15327K, committed 15360K, reserved 1048576K
}
Event: 48.548 GC heap before
{Heap before GC invocations=56 (full 0):
 garbage-first heap   total 272384K, used 179906K [0x0000000080000000, 0x0000000100000000)
  region size 1024K, 13 young (13312K), 2 survivors (2048K)
 Metaspace       used 113232K, capacity 115988K, committed 116232K, reserved 1150976K
  class space    used 14217K, capacity 15327K, committed 15360K, reserved 1048576K
}
Event: 48.562 GC heap after
{Heap after GC invocations=57 (full 0):
 garbage-first heap   total 272384K, used 176300K [0x0000000080000000, 0x0000000100000000)
  region size 1024K, 2 young (2048K), 2 survivors (2048K)
 Metaspace       used 113232K, capacity 115988K, committed 116232K, reserved 1150976K
  class space    used 14217K, capacity 15327K, committed 15360K, reserved 1048576K
}
Event: 48.679 GC heap before
{Heap before GC invocations=57 (full 0):
 garbage-first heap   total 272384K, used 187564K [0x0000000080000000, 0x0000000100000000)
  region size 1024K, 13 young (13312K), 2 survivors (2048K)
 Metaspace       used 113232K, capacity 115988K, committed 116232K, reserved 1150976K
  class space    used 14217K, capacity 15327K, committed 15360K, reserved 1048576K
}
Event: 48.699 GC heap after
{Heap after GC invocations=58 (full 0):
 garbage-first heap   total 272384K, used 180402K [0x0000000080000000, 0x0000000100000000)
  region size 1024K, 2 young (2048K), 2 survivors (2048K)
 Metaspace       used 113232K, capacity 115988K, committed 116232K, reserved 1150976K
  class space    used 14217K, capacity 15327K, committed 15360K, reserved 1048576K
}
Event: 48.802 GC heap before
{Heap before GC invocations=58 (full 0):
 garbage-first heap   total 272384K, used 191666K [0x0000000080000000, 0x0000000100000000)
  region size 1024K, 13 young (13312K), 2 survivors (2048K)
 Metaspace       used 113232K, capacity 115988K, committed 116232K, reserved 1150976K
  class space    used 14217K, capacity 15327K, committed 15360K, reserved 1048576K
}

Deoptimization events (20 events):
Event: 48.618 Thread 0x0000024b24a32000 DEOPT PACKING pc=0x0000024b14994bf0 sp=0x000000d3a15fd280
Event: 48.618 Thread 0x0000024b24a32000 DEOPT UNPACKING pc=0x0000024b0c6485af sp=0x000000d3a15fd1e0 mode 2
Event: 48.635 Thread 0x0000024b24a32000 Uncommon trap: trap_request=0xffffff4d fr.pc=0x0000024b14997888 relative=0x0000000000000c08
Event: 48.635 Thread 0x0000024b24a32000 Uncommon trap: reason=unstable_if action=reinterpret pc=0x0000024b14997888 method=com.android.tools.r8.internal.rp.d(I)Z @ 45 c2
Event: 48.635 Thread 0x0000024b24a32000 DEOPT PACKING pc=0x0000024b14997888 sp=0x000000d3a15fd3f0
Event: 48.635 Thread 0x0000024b24a32000 DEOPT UNPACKING pc=0x0000024b0c6485af sp=0x000000d3a15fd300 mode 2
Event: 48.635 Thread 0x0000024b24a32000 Uncommon trap: trap_request=0xffffff4d fr.pc=0x0000024b1498b5b0 relative=0x0000000000000090
Event: 48.635 Thread 0x0000024b24a32000 Uncommon trap: reason=unstable_if action=reinterpret pc=0x0000024b1498b5b0 method=com.android.tools.r8.internal.rp.d(I)Z @ 45 c2
Event: 48.635 Thread 0x0000024b24a32000 DEOPT PACKING pc=0x0000024b1498b5b0 sp=0x000000d3a15fd3c0
Event: 48.635 Thread 0x0000024b24a32000 DEOPT UNPACKING pc=0x0000024b0c6485af sp=0x000000d3a15fd2f8 mode 2
Event: 48.635 Thread 0x0000024b24a32000 Uncommon trap: trap_request=0xffffff4d fr.pc=0x0000024b1498b8a4 relative=0x0000000000000084
Event: 48.635 Thread 0x0000024b24a32000 Uncommon trap: reason=unstable_if action=reinterpret pc=0x0000024b1498b8a4 method=com.android.tools.r8.internal.rp.d(I)Z @ 45 c2
Event: 48.635 Thread 0x0000024b24a32000 DEOPT PACKING pc=0x0000024b1498b8a4 sp=0x000000d3a15fd360
Event: 48.635 Thread 0x0000024b24a32000 DEOPT UNPACKING pc=0x0000024b0c6485af sp=0x000000d3a15fd2f8 mode 2
Event: 48.655 Thread 0x0000024b24a32000 DEOPT PACKING pc=0x0000024b0eca3a80 sp=0x000000d3a15fd4c0
Event: 48.655 Thread 0x0000024b24a32000 DEOPT UNPACKING pc=0x0000024b0c689d0e sp=0x000000d3a15fcb78 mode 0
Event: 48.702 Thread 0x0000024b24a32000 DEOPT PACKING pc=0x0000024b0eca3a80 sp=0x000000d3a15fd4c0
Event: 48.702 Thread 0x0000024b24a32000 DEOPT UNPACKING pc=0x0000024b0c689d0e sp=0x000000d3a15fcb78 mode 0
Event: 48.790 Thread 0x0000024b24a32000 DEOPT PACKING pc=0x0000024b0eca3a80 sp=0x000000d3a15fd4c0
Event: 48.790 Thread 0x0000024b24a32000 DEOPT UNPACKING pc=0x0000024b0c689d0e sp=0x000000d3a15fcb78 mode 0

Classes redefined (0 events):
No events

Internal exceptions (20 events):
Event: 43.773 Thread 0x0000024b28505800 Exception <a 'java/lang/NoSuchMethodError'{0x000000008a9c7af0}: <clinit>> (0x000000008a9c7af0) thrown at [src/hotspot/share/prims/jni.cpp, line 1367]
Event: 43.773 Thread 0x0000024b28505800 Exception <a 'java/lang/NoSuchMethodError'{0x000000008a9cacf8}: <clinit>> (0x000000008a9cacf8) thrown at [src/hotspot/share/prims/jni.cpp, line 1367]
Event: 43.775 Thread 0x0000024b28505800 Exception <a 'java/lang/NoSuchMethodError'{0x000000008a9e1910}: <clinit>> (0x000000008a9e1910) thrown at [src/hotspot/share/prims/jni.cpp, line 1367]
Event: 43.776 Thread 0x0000024b28505800 Exception <a 'java/lang/NoSuchMethodError'{0x000000008a9e2b30}: <clinit>> (0x000000008a9e2b30) thrown at [src/hotspot/share/prims/jni.cpp, line 1367]
Event: 44.236 Thread 0x0000024b2a4cf800 Implicit null exception at 0x0000024b148ebaa4 to 0x0000024b148ebc44
Event: 44.401 Thread 0x0000024b28505800 Exception <a 'sun/nio/fs/WindowsException'{0x000000008f4220a0}> (0x000000008f4220a0) thrown at [src/hotspot/share/prims/jni.cpp, line 617]
Event: 44.401 Thread 0x0000024b28505800 Exception <a 'sun/nio/fs/WindowsException'{0x000000008f422f18}> (0x000000008f422f18) thrown at [src/hotspot/share/prims/jni.cpp, line 617]
Event: 44.401 Thread 0x0000024b28505800 Exception <a 'sun/nio/fs/WindowsException'{0x000000008f423228}> (0x000000008f423228) thrown at [src/hotspot/share/prims/jni.cpp, line 617]
Event: 44.401 Thread 0x0000024b28505800 Exception <a 'sun/nio/fs/WindowsException'{0x000000008f424088}> (0x000000008f424088) thrown at [src/hotspot/share/prims/jni.cpp, line 617]
Event: 44.401 Thread 0x0000024b28505800 Exception <a 'sun/nio/fs/WindowsException'{0x000000008f424348}> (0x000000008f424348) thrown at [src/hotspot/share/prims/jni.cpp, line 617]
Event: 44.401 Thread 0x0000024b28505800 Exception <a 'sun/nio/fs/WindowsException'{0x000000008f4251b8}> (0x000000008f4251b8) thrown at [src/hotspot/share/prims/jni.cpp, line 617]
Event: 44.401 Thread 0x0000024b28505800 Exception <a 'sun/nio/fs/WindowsException'{0x000000008f425418}> (0x000000008f425418) thrown at [src/hotspot/share/prims/jni.cpp, line 617]
Event: 44.402 Thread 0x0000024b28505800 Exception <a 'sun/nio/fs/WindowsException'{0x000000008f426258}> (0x000000008f426258) thrown at [src/hotspot/share/prims/jni.cpp, line 617]
Event: 44.402 Thread 0x0000024b28505800 Exception <a 'sun/nio/fs/WindowsException'{0x000000008f4264d0}> (0x000000008f4264d0) thrown at [src/hotspot/share/prims/jni.cpp, line 617]
Event: 44.427 Thread 0x0000024b28505800 Exception <a 'java/lang/NoSuchMethodError'{0x000000008f314120}: <clinit>> (0x000000008f314120) thrown at [src/hotspot/share/prims/jni.cpp, line 1367]
Event: 44.433 Thread 0x0000024b28505800 Exception <a 'java/lang/NoSuchMethodError'{0x000000008f3484b0}: <clinit>> (0x000000008f3484b0) thrown at [src/hotspot/share/prims/jni.cpp, line 1367]
Event: 44.434 Thread 0x0000024b28505800 Exception <a 'java/lang/NoSuchMethodError'{0x000000008f35a3d8}: <clinit>> (0x000000008f35a3d8) thrown at [src/hotspot/share/prims/jni.cpp, line 1367]
Event: 47.452 Thread 0x0000024b24a32000 Exception <a 'sun/nio/fs/WindowsException'{0x00000000903c3f28}> (0x00000000903c3f28) thrown at [src/hotspot/share/prims/jni.cpp, line 617]
Event: 47.558 Thread 0x0000024b24a32000 Exception <a 'java/lang/NoSuchMethodError'{0x00000000901b4fa0}: 'java.lang.Object java.lang.invoke.DirectMethodHandle$Holder.newInvokeSpecial(java.lang.Object, int)'> (0x00000000901b4fa0) thrown at [src/hotspot/share/interpreter/linkResolver.cpp, line 773]
Event: 47.872 Thread 0x0000024b24a32000 Exception <a 'java/lang/NoSuchMethodError'{0x000000008fa9f6c0}: 'java.lang.Object java.lang.invoke.DirectMethodHandle$Holder.invokeStaticInit(java.lang.Object, java.lang.Object, java.lang.Object, java.lang.Object, java.lang.Object, java.lang.Object, java.lang.Object, java.lang.Object, java.lang.Object, java.lang.Object, java.lang.Object, java.lang.Object, java.lang.Object, java.lang.Object, java.lang.Object, java.lang.Object, java.lang.Object, java.lang.Object, java.lang.Object, int, java.lang.Object, java

Events (20 events):
Event: 48.185 loading class com/android/tools/r8/internal/SD done
Event: 48.188 loading class com/android/tools/r8/graph/g1
Event: 48.188 loading class com/android/tools/r8/graph/g1 done
Event: 48.188 loading class com/android/tools/r8/graph/g1
Event: 48.188 loading class com/android/tools/r8/graph/g1 done
Event: 48.188 loading class com/android/tools/r8/dex/i
Event: 48.188 loading class com/android/tools/r8/dex/i done
Event: 48.193 loading class com/android/tools/r8/graph/J
Event: 48.193 loading class com/android/tools/r8/graph/J done
Event: 48.294 Executing VM operation: CGC_Operation
Event: 48.325 Executing VM operation: CGC_Operation done
Event: 48.372 Executing VM operation: G1CollectForAllocation
Event: 48.384 Executing VM operation: G1CollectForAllocation done
Event: 48.440 Executing VM operation: CGC_Operation
Event: 48.443 Executing VM operation: CGC_Operation done
Event: 48.548 Executing VM operation: G1CollectForAllocation
Event: 48.562 Executing VM operation: G1CollectForAllocation done
Event: 48.679 Executing VM operation: G1CollectForAllocation
Event: 48.699 Executing VM operation: G1CollectForAllocation done
Event: 48.802 Executing VM operation: G1CollectForAllocation


Dynamic libraries:
0x00007ff623500000 - 0x00007ff62350a000 	C:\Program Files\Android\Android Studio\jbr\bin\java.exe
0x00007ffcddb90000 - 0x00007ffcddd88000 	C:\Windows\SYSTEM32\ntdll.dll
0x00007ffcdda90000 - 0x00007ffcddb4f000 	C:\Windows\System32\KERNEL32.DLL
0x00007ffcdb280000 - 0x00007ffcdb552000 	C:\Windows\System32\KERNELBASE.dll
0x00007ffcdb9f0000 - 0x00007ffcdbaf0000 	C:\Windows\System32\ucrtbase.dll
0x00007ffcc78b0000 - 0x00007ffcc78cb000 	C:\Program Files\Android\Android Studio\jbr\bin\VCRUNTIME140.dll
0x00007ffcc7c20000 - 0x00007ffcc7c37000 	C:\Program Files\Android\Android Studio\jbr\bin\jli.dll
0x00007ffcdd330000 - 0x00007ffcdd4d1000 	C:\Windows\System32\USER32.dll
0x00007ffcdbba0000 - 0x00007ffcdbbc2000 	C:\Windows\System32\win32u.dll
0x00007ffcdc9e0000 - 0x00007ffcdca0b000 	C:\Windows\System32\GDI32.dll
0x00007ffcc9700000 - 0x00007ffcc999a000 	C:\Windows\WinSxS\amd64_microsoft.windows.common-controls_6595b64144ccf1df_6.0.19041.1110_none_60b5254171f9507e\COMCTL32.dll
0x00007ffcdb840000 - 0x00007ffcdb94f000 	C:\Windows\System32\gdi32full.dll
0x00007ffcdc800000 - 0x00007ffcdc89e000 	C:\Windows\System32\msvcrt.dll
0x00007ffcdb950000 - 0x00007ffcdb9ed000 	C:\Windows\System32\msvcp_win.dll
0x00007ffcdc730000 - 0x00007ffcdc762000 	C:\Windows\System32\IMM32.DLL
0x00007ffccb2b0000 - 0x00007ffccb2bc000 	C:\Program Files\Android\Android Studio\jbr\bin\vcruntime140_1.dll
0x00007ffc9a650000 - 0x00007ffc9a6dd000 	C:\Program Files\Android\Android Studio\jbr\bin\msvcp140.dll
0x00007ffc72c60000 - 0x00007ffc7381c000 	C:\Program Files\Android\Android Studio\jbr\bin\server\jvm.dll
0x00007ffcdd840000 - 0x00007ffcdd8ee000 	C:\Windows\System32\ADVAPI32.dll
0x00007ffcdd290000 - 0x00007ffcdd32c000 	C:\Windows\System32\sechost.dll
0x00007ffcdd160000 - 0x00007ffcdd285000 	C:\Windows\System32\RPCRT4.dll
0x00007ffcdd700000 - 0x00007ffcdd708000 	C:\Windows\System32\PSAPI.DLL
0x00007ffcc0db0000 - 0x00007ffcc0db9000 	C:\Windows\SYSTEM32\WSOCK32.dll
0x00007ffccdbe0000 - 0x00007ffccdc07000 	C:\Windows\SYSTEM32\WINMM.dll
0x00007ffcd3b10000 - 0x00007ffcd3b1a000 	C:\Windows\SYSTEM32\VERSION.dll
0x00007ffcdda20000 - 0x00007ffcdda8b000 	C:\Windows\System32\WS2_32.dll
0x00007ffcd9a90000 - 0x00007ffcd9aa2000 	C:\Windows\SYSTEM32\kernel.appcore.dll
0x00007ffcbf810000 - 0x00007ffcbf820000 	C:\Program Files\Android\Android Studio\jbr\bin\verify.dll
0x00007ffcd8e50000 - 0x00007ffcd9034000 	C:\Windows\SYSTEM32\DBGHELP.DLL
0x00007ffcbbdb0000 - 0x00007ffcbbde5000 	C:\Windows\SYSTEM32\dbgcore.DLL
0x00007ffcdb600000 - 0x00007ffcdb682000 	C:\Windows\System32\bcryptPrimitives.dll
0x00007ffc83180000 - 0x00007ffc831a8000 	C:\Program Files\Android\Android Studio\jbr\bin\java.dll
0x00007ffcbdad0000 - 0x00007ffcbdada000 	C:\Program Files\Android\Android Studio\jbr\bin\jimage.dll
0x00007ffca5780000 - 0x00007ffca5798000 	C:\Program Files\Android\Android Studio\jbr\bin\zip.dll
0x00007ffcdca10000 - 0x00007ffcdd154000 	C:\Windows\System32\SHELL32.dll
0x00007ffcd92e0000 - 0x00007ffcd9a72000 	C:\Windows\SYSTEM32\windows.storage.dll
0x00007ffcdc240000 - 0x00007ffcdc595000 	C:\Windows\System32\combase.dll
0x00007ffcdace0000 - 0x00007ffcdad10000 	C:\Windows\SYSTEM32\Wldp.dll
0x00007ffcdbd20000 - 0x00007ffcdbdcd000 	C:\Windows\System32\SHCORE.dll
0x00007ffcdc8a0000 - 0x00007ffcdc8f5000 	C:\Windows\System32\shlwapi.dll
0x00007ffcdb1c0000 - 0x00007ffcdb1df000 	C:\Windows\SYSTEM32\profapi.dll
0x00007ffca5680000 - 0x00007ffca5699000 	C:\Program Files\Android\Android Studio\jbr\bin\net.dll
0x00007ffcd5ba0000 - 0x00007ffcd5cac000 	C:\Windows\SYSTEM32\WINHTTP.dll
0x00007ffcdaa40000 - 0x00007ffcdaaaa000 	C:\Windows\system32\mswsock.dll
0x00007ffc9f370000 - 0x00007ffc9f383000 	C:\Program Files\Android\Android Studio\jbr\bin\nio.dll
0x00007ffc61ba0000 - 0x00007ffc61bc7000 	C:\Users\DELL\.gradle\native\e1d6ef7f7dcc3fd88c89a11ec53ec762bb8ba0a96d01ffa2cd45eb1d1d8dd5c5\windows-amd64\native-platform.dll
0x00007ffc89260000 - 0x00007ffc893a4000 	C:\Users\DELL\.gradle\native\0d407fdbe67a94daf76414ababcb853783967236a71b16ec16e742cd7a986fd3\windows-amd64\native-platform-file-events.dll
0x00007ffcb5780000 - 0x00007ffcb578a000 	C:\Program Files\Android\Android Studio\jbr\bin\management.dll
0x00007ffcb3b10000 - 0x00007ffcb3b1b000 	C:\Program Files\Android\Android Studio\jbr\bin\management_ext.dll
0x00007ffcdac30000 - 0x00007ffcdac48000 	C:\Windows\SYSTEM32\CRYPTSP.dll
0x00007ffcda2f0000 - 0x00007ffcda324000 	C:\Windows\system32\rsaenh.dll
0x00007ffcdb5d0000 - 0x00007ffcdb5f7000 	C:\Windows\System32\bcrypt.dll
0x00007ffcdb180000 - 0x00007ffcdb1ae000 	C:\Windows\SYSTEM32\USERENV.dll
0x00007ffcdac50000 - 0x00007ffcdac5c000 	C:\Windows\SYSTEM32\CRYPTBASE.dll
0x00007ffcda6e0000 - 0x00007ffcda71b000 	C:\Windows\SYSTEM32\IPHLPAPI.DLL
0x00007ffcdd540000 - 0x00007ffcdd548000 	C:\Windows\System32\NSI.dll
0x00007ffcd47d0000 - 0x00007ffcd47e7000 	C:\Windows\SYSTEM32\dhcpcsvc6.DLL
0x00007ffcd46c0000 - 0x00007ffcd46dd000 	C:\Windows\SYSTEM32\dhcpcsvc.DLL
0x00007ffcda720000 - 0x00007ffcda7ea000 	C:\Windows\SYSTEM32\DNSAPI.dll
0x00007ffcda380000 - 0x00007ffcda3b3000 	C:\Windows\SYSTEM32\ntmarta.dll

dbghelp: loaded successfully - version: 4.0.5 - missing functions: none
symbol engine: initialized successfully - sym options: 0x614 - pdb path: .;C:\Program Files\Android\Android Studio\jbr\bin;C:\Windows\SYSTEM32;C:\Windows\WinSxS\amd64_microsoft.windows.common-controls_6595b64144ccf1df_6.0.19041.1110_none_60b5254171f9507e;C:\Program Files\Android\Android Studio\jbr\bin\server;C:\Users\DELL\.gradle\native\e1d6ef7f7dcc3fd88c89a11ec53ec762bb8ba0a96d01ffa2cd45eb1d1d8dd5c5\windows-amd64;C:\Users\DELL\.gradle\native\0d407fdbe67a94daf76414ababcb853783967236a71b16ec16e742cd7a986fd3\windows-amd64

VM Arguments:
jvm_args: --add-opens=java.base/java.util=ALL-UNNAMED --add-opens=java.base/java.lang=ALL-UNNAMED --add-opens=java.base/java.lang.invoke=ALL-UNNAMED --add-opens=java.base/java.util=ALL-UNNAMED --add-opens=java.prefs/java.util.prefs=ALL-UNNAMED --add-opens=java.prefs/java.util.prefs=ALL-UNNAMED --add-opens=java.base/java.nio.charset=ALL-UNNAMED --add-opens=java.base/java.net=ALL-UNNAMED --add-opens=java.base/java.util.concurrent.atomic=ALL-UNNAMED -Xmx2048m -Dfile.encoding=UTF-8 -Duser.country=GB -Duser.language=en -Duser.variant 
java_command: org.gradle.launcher.daemon.bootstrap.GradleDaemon 7.5
java_class_path (initial): C:\Users\DELL\.gradle\wrapper\dists\gradle-7.5-bin\f1w0cc9nuo0eivz97x2xlu9sv\gradle-7.5\lib\gradle-launcher-7.5.jar
Launcher Type: SUN_STANDARD

[Global flags]
     intx CICompilerCount                          = 4                                         {product} {ergonomic}
     uint ConcGCThreads                            = 2                                         {product} {ergonomic}
     uint G1ConcRefinementThreads                  = 8                                         {product} {ergonomic}
   size_t G1HeapRegionSize                         = 1048576                                   {product} {ergonomic}
    uintx GCDrainStackTargetSize                   = 64                                        {product} {ergonomic}
   size_t InitialHeapSize                          = 130023424                                 {product} {ergonomic}
   size_t MarkStackSize                            = 4194304                                   {product} {ergonomic}
   size_t MaxHeapSize                              = 2147483648                                {product} {command line}
   size_t MaxNewSize                               = 1287651328                                {product} {ergonomic}
   size_t MinHeapDeltaBytes                        = 1048576                                   {product} {ergonomic}
    uintx NonNMethodCodeHeapSize                   = 5836300                                {pd product} {ergonomic}
    uintx NonProfiledCodeHeapSize                  = 122910970                              {pd product} {ergonomic}
    uintx ProfiledCodeHeapSize                     = 122910970                              {pd product} {ergonomic}
    uintx ReservedCodeCacheSize                    = 251658240                              {pd product} {ergonomic}
     bool SegmentedCodeCache                       = true                                      {product} {ergonomic}
     bool UseCompressedClassPointers               = true                                 {lp64_product} {ergonomic}
     bool UseCompressedOops                        = true                                 {lp64_product} {ergonomic}
     bool UseG1GC                                  = true                                      {product} {ergonomic}
     bool UseLargePagesIndividualAllocation        = false                                  {pd product} {ergonomic}

Logging:
Log output configuration:
 #0: stdout all=warning uptime,level,tags
 #1: stderr all=off uptime,level,tags

Environment Variables:
JAVA_HOME=C:\Program Files\Java\jdk-17
PATH=C:\Program Files\Common Files\Oracle\Java\javapath;C:\Program Files (x86)\Common Files\Oracle\Java\javapath;C:\Python310\Scripts\;C:\Python310\;C:\Windows\system32;C:\Windows;C:\Windows\System32\Wbem;C:\Windows\System32\WindowsPowerShell\v1.0\;C:\Windows\System32\OpenSSH\;C:\Program Files (x86)\NVIDIA Corporation\PhysX\Common;C:\Program Files\Git\cmd;C:\Program Files\Git\mingw64\bin;C:\Program Files\Git\usr\bin;C:\Program Files\nodejs\;C:\ProgramData\chocolatey\bin;C:\Program Files\dotnet\;C:\Program Files\Microsoft SQL Server\150\Tools\Binn\;C:\Program Files\Microsoft SQL Server\Client SDK\ODBC\170\Tools\Binn\;C:\Program Files\Java\jdk-17\bin;C:\wamp\bin\php\php5.6.40;C:\ProgramData\ComposerSetup\bin;C:\Program Files\MySQL\MySQL Shell 8.0\bin\;C:\Users\DELL\AppData\Local\Microsoft\WindowsApps;C:\Users\DELL\AppData\Roaming\npm;C:\Users\DELL\AppData\Local\Programs\Microsoft VS Code\bin;C:\Users\DELL\.dotnet\tools;C:\Users\DELL\AppData\Roaming\Composer\vendor\bin
USERNAME=DELL
OS=Windows_NT
PROCESSOR_IDENTIFIER=Intel64 Family 6 Model 140 Stepping 1, GenuineIntel



---------------  S Y S T E M  ---------------

OS: Windows 10 , 64 bit Build 19041 (10.0.19041.2364)
OS uptime: 2 days 23:54 hours
Hyper-V role detected

CPU:total 8 (initial active 8) (4 cores per cpu, 2 threads per core) family 6 model 140 stepping 1 microcode 0xa4, cmov, cx8, fxsr, mmx, sse, sse2, sse3, ssse3, sse4.1, sse4.2, popcnt, avx, avx2, aes, clmul, erms, 3dnowpref, lzcnt, ht, tsc, tscinvbit, bmi1, bmi2, adx, evex, sha, fma

Memory: 4k page, system-wide physical 7926M (212M free)
TotalPageFile size 20214M (AvailPageFile size 31M)
current process WorkingSet (physical memory assigned to process): 428M, peak: 428M
current process commit charge ("private bytes"): 608M, peak: 662M

vm_info: OpenJDK 64-Bit Server VM (11.0.15+0-b2043.56-9505619) for windows-amd64 JRE (11.0.15+0-b2043.56-9505619), built on Jan 19 2023 02:48:00 by "builduser" with unknown MS VC++:1929

END.
